mode: set
github.com/ff3300/aleph-v2/internal/dsl/compiler.go:14.57,16.2 1 1
github.com/ff3300/aleph-v2/internal/dsl/compiler.go:18.66,20.44 2 1
github.com/ff3300/aleph-v2/internal/dsl/compiler.go:20.44,21.56 1 1
github.com/ff3300/aleph-v2/internal/dsl/compiler.go:21.56,23.9 2 1
github.com/ff3300/aleph-v2/internal/dsl/compiler.go:27.2,27.16 1 1
github.com/ff3300/aleph-v2/internal/dsl/compiler.go:27.16,29.3 1 0
github.com/ff3300/aleph-v2/internal/dsl/compiler.go:31.2,32.38 2 1
github.com/ff3300/aleph-v2/internal/dsl/compiler.go:32.38,34.24 2 1
github.com/ff3300/aleph-v2/internal/dsl/compiler.go:34.24,36.4 1 1
github.com/ff3300/aleph-v2/internal/dsl/compiler.go:39.3,43.19 3 1
github.com/ff3300/aleph-v2/internal/dsl/compiler.go:43.19,46.4 2 0
github.com/ff3300/aleph-v2/internal/dsl/compiler.go:49.3,49.33 1 1
github.com/ff3300/aleph-v2/internal/dsl/compiler.go:49.33,51.4 1 0
github.com/ff3300/aleph-v2/internal/dsl/compiler.go:53.3,53.25 1 1
github.com/ff3300/aleph-v2/internal/dsl/compiler.go:53.25,55.32 2 1
github.com/ff3300/aleph-v2/internal/dsl/compiler.go:55.32,60.5 3 1
github.com/ff3300/aleph-v2/internal/dsl/compiler.go:61.4,62.61 2 1
github.com/ff3300/aleph-v2/internal/dsl/compiler.go:65.3,65.48 1 1
github.com/ff3300/aleph-v2/internal/dsl/compiler.go:69.2,70.44 2 1
github.com/ff3300/aleph-v2/internal/dsl/compiler.go:70.44,71.60 1 1
github.com/ff3300/aleph-v2/internal/dsl/compiler.go:71.60,73.43 2 1
github.com/ff3300/aleph-v2/internal/dsl/compiler.go:73.43,74.61 1 1
github.com/ff3300/aleph-v2/internal/dsl/compiler.go:74.61,76.11 2 1
github.com/ff3300/aleph-v2/internal/dsl/compiler.go:79.4,79.24 1 1
github.com/ff3300/aleph-v2/internal/dsl/compiler.go:79.24,85.5 1 1
github.com/ff3300/aleph-v2/internal/dsl/compiler.go:89.2,90.37 2 1
github.com/ff3300/aleph-v2/internal/dsl/compiler.go:90.37,94.3 3 1
github.com/ff3300/aleph-v2/internal/dsl/compiler.go:96.2,97.29 2 1
github.com/ff3300/aleph-v2/internal/dsl/compiler.go:97.29,98.39 1 1
github.com/ff3300/aleph-v2/internal/dsl/compiler.go:98.39,99.35 1 1
github.com/ff3300/aleph-v2/internal/dsl/compiler.go:99.35,101.5 1 1
github.com/ff3300/aleph-v2/internal/dsl/compiler.go:105.2,106.32 2 1
github.com/ff3300/aleph-v2/internal/dsl/compiler.go:106.32,112.22 4 1
github.com/ff3300/aleph-v2/internal/dsl/compiler.go:112.22,114.4 1 1
github.com/ff3300/aleph-v2/internal/dsl/compiler.go:115.3,115.104 1 1
github.com/ff3300/aleph-v2/internal/dsl/compiler.go:118.2,119.27 2 1
github.com/ff3300/aleph-v2/internal/dsl/compiler.go:119.27,121.3 1 1
github.com/ff3300/aleph-v2/internal/dsl/compiler.go:123.2,124.29 2 1
github.com/ff3300/aleph-v2/internal/dsl/compiler.go:124.29,126.3 1 1
github.com/ff3300/aleph-v2/internal/dsl/compiler.go:128.2,137.17 2 1
github.com/ff3300/aleph-v2/internal/dsl/compiler.go:140.71,142.44 2 0
github.com/ff3300/aleph-v2/internal/dsl/compiler.go:142.44,143.25 1 0
github.com/ff3300/aleph-v2/internal/dsl/compiler.go:143.25,146.45 3 0
github.com/ff3300/aleph-v2/internal/dsl/compiler.go:146.45,151.5 2 0
github.com/ff3300/aleph-v2/internal/dsl/compiler.go:153.4,165.43 2 0
github.com/ff3300/aleph-v2/internal/dsl/compiler.go:168.2,168.25 1 0
github.com/ff3300/aleph-v2/internal/dsl/compiler.go:171.31,172.43 1 1
github.com/ff3300/aleph-v2/internal/dsl/compiler.go:172.43,174.3 1 1
github.com/ff3300/aleph-v2/internal/dsl/compiler.go:175.2,175.53 1 1
github.com/ff3300/aleph-v2/internal/dsl/compiler.go:175.53,177.3 1 0
github.com/ff3300/aleph-v2/internal/dsl/compiler.go:178.2,178.14 1 1
github.com/ff3300/aleph-v2/internal/dsl/parser.go:14.44,16.16 2 1
github.com/ff3300/aleph-v2/internal/dsl/parser.go:16.16,18.28 2 0
github.com/ff3300/aleph-v2/internal/dsl/parser.go:18.28,21.4 2 0
github.com/ff3300/aleph-v2/internal/dsl/parser.go:22.3,22.57 1 0
github.com/ff3300/aleph-v2/internal/dsl/parser.go:24.2,24.18 1 1
github.com/ff3300/aleph-v2/internal/middleware/auth_middleware.go:28.83,30.2 1 1
github.com/ff3300/aleph-v2/internal/middleware/auth_middleware.go:32.55,33.54 1 0
github.com/ff3300/aleph-v2/internal/middleware/auth_middleware.go:33.54,35.3 1 0
github.com/ff3300/aleph-v2/internal/middleware/auth_middleware.go:36.2,36.11 1 0
github.com/ff3300/aleph-v2/internal/middleware/auth_middleware.go:39.79,40.88 1 0
github.com/ff3300/aleph-v2/internal/middleware/auth_middleware.go:40.88,41.37 1 0
github.com/ff3300/aleph-v2/internal/middleware/auth_middleware.go:41.37,43.4 1 0
github.com/ff3300/aleph-v2/internal/middleware/auth_middleware.go:45.3,46.19 2 0
github.com/ff3300/aleph-v2/internal/middleware/auth_middleware.go:46.19,48.4 1 0
github.com/ff3300/aleph-v2/internal/middleware/auth_middleware.go:50.3,51.17 2 0
github.com/ff3300/aleph-v2/internal/middleware/auth_middleware.go:51.17,53.4 1 0
github.com/ff3300/aleph-v2/internal/middleware/auth_middleware.go:55.3,56.24 2 0
github.com/ff3300/aleph-v2/internal/middleware/auth_middleware.go:60.109,62.2 1 0
github.com/ff3300/aleph-v2/internal/middleware/auth_middleware.go:64.112,65.76 1 0
github.com/ff3300/aleph-v2/internal/middleware/auth_middleware.go:65.76,66.38 1 0
github.com/ff3300/aleph-v2/internal/middleware/auth_middleware.go:66.38,68.4 1 0
github.com/ff3300/aleph-v2/internal/middleware/auth_middleware.go:70.3,71.19 2 0
github.com/ff3300/aleph-v2/internal/middleware/auth_middleware.go:71.19,73.4 1 0
github.com/ff3300/aleph-v2/internal/middleware/auth_middleware.go:75.3,76.17 2 0
github.com/ff3300/aleph-v2/internal/middleware/auth_middleware.go:76.17,78.4 1 0
github.com/ff3300/aleph-v2/internal/middleware/auth_middleware.go:80.3,81.25 2 0
github.com/ff3300/aleph-v2/internal/middleware/auth_middleware.go:85.70,91.16 5 0
github.com/ff3300/aleph-v2/internal/middleware/auth_middleware.go:91.16,93.3 1 0
github.com/ff3300/aleph-v2/internal/middleware/auth_middleware.go:94.2,94.23 1 0
github.com/ff3300/aleph-v2/internal/middleware/auth_middleware.go:97.42,98.48 1 1
github.com/ff3300/aleph-v2/internal/middleware/auth_middleware.go:98.48,100.3 1 1
github.com/ff3300/aleph-v2/internal/middleware/auth_middleware.go:101.2,101.48 1 1
github.com/ff3300/aleph-v2/internal/middleware/auth_middleware.go:101.48,103.3 1 1
github.com/ff3300/aleph-v2/internal/middleware/auth_middleware.go:104.2,104.11 1 1
github.com/ff3300/aleph-v2/internal/middleware/auth_middleware.go:107.38,109.2 1 1
github.com/ff3300/aleph-v2/internal/migrate/migrate.go:18.67,22.16 3 1
github.com/ff3300/aleph-v2/internal/migrate/migrate.go:22.16,24.3 1 0
github.com/ff3300/aleph-v2/internal/migrate/migrate.go:25.2,32.16 3 1
github.com/ff3300/aleph-v2/internal/migrate/migrate.go:32.16,34.3 1 0
github.com/ff3300/aleph-v2/internal/migrate/migrate.go:36.2,38.16 3 1
github.com/ff3300/aleph-v2/internal/migrate/migrate.go:38.16,40.3 1 0
github.com/ff3300/aleph-v2/internal/migrate/migrate.go:42.2,43.16 2 1
github.com/ff3300/aleph-v2/internal/migrate/migrate.go:43.16,45.3 1 0
github.com/ff3300/aleph-v2/internal/migrate/migrate.go:47.2,50.32 3 1
github.com/ff3300/aleph-v2/internal/migrate/migrate.go:50.32,52.41 2 1
github.com/ff3300/aleph-v2/internal/migrate/migrate.go:52.41,54.22 2 1
github.com/ff3300/aleph-v2/internal/migrate/migrate.go:54.22,57.47 3 1
github.com/ff3300/aleph-v2/internal/migrate/migrate.go:57.47,59.34 2 1
github.com/ff3300/aleph-v2/internal/migrate/migrate.go:59.34,61.7 1 1
github.com/ff3300/aleph-v2/internal/migrate/migrate.go:67.2,67.74 1 1
github.com/ff3300/aleph-v2/internal/migrate/migrate.go:67.74,68.41 1 1
github.com/ff3300/aleph-v2/internal/migrate/migrate.go:68.41,70.18 2 1
github.com/ff3300/aleph-v2/internal/migrate/migrate.go:70.18,72.5 1 0
github.com/ff3300/aleph-v2/internal/migrate/migrate.go:74.4,75.18 2 1
github.com/ff3300/aleph-v2/internal/migrate/migrate.go:75.18,77.5 1 0
github.com/ff3300/aleph-v2/internal/migrate/migrate.go:79.4,80.18 2 1
github.com/ff3300/aleph-v2/internal/migrate/migrate.go:80.18,83.5 2 0
github.com/ff3300/aleph-v2/internal/migrate/migrate.go:85.4,86.18 2 1
github.com/ff3300/aleph-v2/internal/migrate/migrate.go:86.18,89.5 2 0
github.com/ff3300/aleph-v2/internal/migrate/migrate.go:91.4,92.18 2 1
github.com/ff3300/aleph-v2/internal/migrate/migrate.go:92.18,94.5 1 0
github.com/ff3300/aleph-v2/internal/migrate/migrate.go:96.4,96.55 1 1
github.com/ff3300/aleph-v2/internal/migrate/migrate.go:100.2,100.37 1 1
github.com/ff3300/aleph-v2/internal/migrate/migrate.go:100.37,102.3 1 1
github.com/ff3300/aleph-v2/internal/migrate/migrate.go:102.8,104.3 1 0
github.com/ff3300/aleph-v2/internal/migrate/migrate.go:106.2,106.12 1 1
github.com/ff3300/aleph-v2/internal/migrate/migrate.go:112.69,116.16 3 0
github.com/ff3300/aleph-v2/internal/migrate/migrate.go:116.16,118.3 1 0
github.com/ff3300/aleph-v2/internal/migrate/migrate.go:119.2,126.16 3 0
github.com/ff3300/aleph-v2/internal/migrate/migrate.go:126.16,128.3 1 0
github.com/ff3300/aleph-v2/internal/migrate/migrate.go:130.2,132.16 3 0
github.com/ff3300/aleph-v2/internal/migrate/migrate.go:132.16,134.3 1 0
github.com/ff3300/aleph-v2/internal/migrate/migrate.go:136.2,137.16 2 0
github.com/ff3300/aleph-v2/internal/migrate/migrate.go:137.16,139.3 1 0
github.com/ff3300/aleph-v2/internal/migrate/migrate.go:141.2,144.32 3 0
github.com/ff3300/aleph-v2/internal/migrate/migrate.go:144.32,146.41 2 0
github.com/ff3300/aleph-v2/internal/migrate/migrate.go:146.41,148.22 2 0
github.com/ff3300/aleph-v2/internal/migrate/migrate.go:148.22,151.47 3 0
github.com/ff3300/aleph-v2/internal/migrate/migrate.go:151.47,153.34 2 0
github.com/ff3300/aleph-v2/internal/migrate/migrate.go:153.34,155.7 1 0
github.com/ff3300/aleph-v2/internal/migrate/migrate.go:161.2,161.74 1 0
github.com/ff3300/aleph-v2/internal/migrate/migrate.go:161.74,162.41 1 0
github.com/ff3300/aleph-v2/internal/migrate/migrate.go:162.41,164.18 2 0
github.com/ff3300/aleph-v2/internal/migrate/migrate.go:164.18,166.5 1 0
github.com/ff3300/aleph-v2/internal/migrate/migrate.go:168.4,169.18 2 0
github.com/ff3300/aleph-v2/internal/migrate/migrate.go:169.18,171.5 1 0
github.com/ff3300/aleph-v2/internal/migrate/migrate.go:173.4,174.18 2 0
github.com/ff3300/aleph-v2/internal/migrate/migrate.go:174.18,177.5 2 0
github.com/ff3300/aleph-v2/internal/migrate/migrate.go:179.4,180.18 2 0
github.com/ff3300/aleph-v2/internal/migrate/migrate.go:180.18,183.5 2 0
github.com/ff3300/aleph-v2/internal/migrate/migrate.go:185.4,186.18 2 0
github.com/ff3300/aleph-v2/internal/migrate/migrate.go:186.18,188.5 1 0
github.com/ff3300/aleph-v2/internal/migrate/migrate.go:190.4,190.66 1 0
github.com/ff3300/aleph-v2/internal/migrate/migrate.go:194.2,194.37 1 0
github.com/ff3300/aleph-v2/internal/migrate/migrate.go:194.37,196.3 1 0
github.com/ff3300/aleph-v2/internal/migrate/migrate.go:196.8,198.3 1 0
github.com/ff3300/aleph-v2/internal/migrate/migrate.go:200.2,200.12 1 0
github.com/ff3300/aleph-v2/internal/migrate/migrate.go:206.60,208.76 1 0
github.com/ff3300/aleph-v2/internal/migrate/migrate.go:208.76,211.3 1 0
github.com/ff3300/aleph-v2/internal/migrate/migrate.go:214.2,214.82 1 0
github.com/ff3300/aleph-v2/internal/migrate/migrate.go:214.82,217.3 1 0
github.com/ff3300/aleph-v2/internal/migrate/migrate.go:219.2,219.12 1 0
github.com/ff3300/aleph-v2/internal/api/proto/aleph/nlp/v1/v1connect/nlp.connect.go:71.120,93.2 2 0
github.com/ff3300/aleph-v2/internal/api/proto/aleph/nlp/v1/v1connect/nlp.connect.go:103.172,105.2 1 0
github.com/ff3300/aleph-v2/internal/api/proto/aleph/nlp/v1/v1connect/nlp.connect.go:108.188,110.2 1 0
github.com/ff3300/aleph-v2/internal/api/proto/aleph/nlp/v1/v1connect/nlp.connect.go:113.166,115.2 1 0
github.com/ff3300/aleph-v2/internal/api/proto/aleph/nlp/v1/v1connect/nlp.connect.go:131.104,150.100 4 0
github.com/ff3300/aleph-v2/internal/api/proto/aleph/nlp/v1/v1connect/nlp.connect.go:150.100,151.21 1 0
github.com/ff3300/aleph-v2/internal/api/proto/aleph/nlp/v1/v1connect/nlp.connect.go:152.44,153.53 1 0
github.com/ff3300/aleph-v2/internal/api/proto/aleph/nlp/v1/v1connect/nlp.connect.go:154.45,155.54 1 0
github.com/ff3300/aleph-v2/internal/api/proto/aleph/nlp/v1/v1connect/nlp.connect.go:156.42,157.51 1 0
github.com/ff3300/aleph-v2/internal/api/proto/aleph/nlp/v1/v1connect/nlp.connect.go:158.11,159.23 1 0
github.com/ff3300/aleph-v2/internal/api/proto/aleph/nlp/v1/v1connect/nlp.connect.go:167.175,169.2 1 0
github.com/ff3300/aleph-v2/internal/api/proto/aleph/nlp/v1/v1connect/nlp.connect.go:171.180,173.2 1 0
github.com/ff3300/aleph-v2/internal/api/proto/aleph/nlp/v1/v1connect/nlp.connect.go:175.169,177.2 1 0
github.com/ff3300/aleph-v2/internal/config/config.go:19.36,39.2 9 0
github.com/ff3300/aleph-v2/internal/api/proto/aleph/nlp/v1/nlp.pb.go:34.41,36.29 2 0
github.com/ff3300/aleph-v2/internal/api/proto/aleph/nlp/v1/nlp.pb.go:36.29,40.3 3 0
github.com/ff3300/aleph-v2/internal/api/proto/aleph/nlp/v1/nlp.pb.go:43.49,45.2 1 0
github.com/ff3300/aleph-v2/internal/api/proto/aleph/nlp/v1/nlp.pb.go:47.47,47.48 0 0
github.com/ff3300/aleph-v2/internal/api/proto/aleph/nlp/v1/nlp.pb.go:49.69,51.41 2 0
github.com/ff3300/aleph-v2/internal/api/proto/aleph/nlp/v1/nlp.pb.go:51.41,53.34 2 0
github.com/ff3300/aleph-v2/internal/api/proto/aleph/nlp/v1/nlp.pb.go:53.34,55.4 1 0
github.com/ff3300/aleph-v2/internal/api/proto/aleph/nlp/v1/nlp.pb.go:56.3,56.12 1 0
github.com/ff3300/aleph-v2/internal/api/proto/aleph/nlp/v1/nlp.pb.go:58.2,58.24 1 0
github.com/ff3300/aleph-v2/internal/api/proto/aleph/nlp/v1/nlp.pb.go:62.60,64.2 1 0
github.com/ff3300/aleph-v2/internal/api/proto/aleph/nlp/v1/nlp.pb.go:66.54,67.14 1 0
github.com/ff3300/aleph-v2/internal/api/proto/aleph/nlp/v1/nlp.pb.go:67.14,69.3 1 0
github.com/ff3300/aleph-v2/internal/api/proto/aleph/nlp/v1/nlp.pb.go:70.2,70.11 1 0
github.com/ff3300/aleph-v2/internal/api/proto/aleph/nlp/v1/nlp.pb.go:73.53,74.14 1 0
github.com/ff3300/aleph-v2/internal/api/proto/aleph/nlp/v1/nlp.pb.go:74.14,76.3 1 0
github.com/ff3300/aleph-v2/internal/api/proto/aleph/nlp/v1/nlp.pb.go:77.2,77.14 1 0
github.com/ff3300/aleph-v2/internal/api/proto/aleph/nlp/v1/nlp.pb.go:80.61,81.14 1 0
github.com/ff3300/aleph-v2/internal/api/proto/aleph/nlp/v1/nlp.pb.go:81.14,83.3 1 0
github.com/ff3300/aleph-v2/internal/api/proto/aleph/nlp/v1/nlp.pb.go:84.2,84.11 1 0
github.com/ff3300/aleph-v2/internal/api/proto/aleph/nlp/v1/nlp.pb.go:87.58,88.14 1 0
github.com/ff3300/aleph-v2/internal/api/proto/aleph/nlp/v1/nlp.pb.go:88.14,90.3 1 0
github.com/ff3300/aleph-v2/internal/api/proto/aleph/nlp/v1/nlp.pb.go:91.2,91.11 1 0
github.com/ff3300/aleph-v2/internal/api/proto/aleph/nlp/v1/nlp.pb.go:102.42,104.29 2 0
github.com/ff3300/aleph-v2/internal/api/proto/aleph/nlp/v1/nlp.pb.go:104.29,108.3 3 0
github.com/ff3300/aleph-v2/internal/api/proto/aleph/nlp/v1/nlp.pb.go:111.50,113.2 1 0
github.com/ff3300/aleph-v2/internal/api/proto/aleph/nlp/v1/nlp.pb.go:115.48,115.49 0 0
github.com/ff3300/aleph-v2/internal/api/proto/aleph/nlp/v1/nlp.pb.go:117.70,119.41 2 0
github.com/ff3300/aleph-v2/internal/api/proto/aleph/nlp/v1/nlp.pb.go:119.41,121.34 2 0
github.com/ff3300/aleph-v2/internal/api/proto/aleph/nlp/v1/nlp.pb.go:121.34,123.4 1 0
github.com/ff3300/aleph-v2/internal/api/proto/aleph/nlp/v1/nlp.pb.go:124.3,124.12 1 0
github.com/ff3300/aleph-v2/internal/api/proto/aleph/nlp/v1/nlp.pb.go:126.2,126.24 1 0
github.com/ff3300/aleph-v2/internal/api/proto/aleph/nlp/v1/nlp.pb.go:130.61,132.2 1 0
github.com/ff3300/aleph-v2/internal/api/proto/aleph/nlp/v1/nlp.pb.go:134.52,135.14 1 0
github.com/ff3300/aleph-v2/internal/api/proto/aleph/nlp/v1/nlp.pb.go:135.14,137.3 1 0
github.com/ff3300/aleph-v2/internal/api/proto/aleph/nlp/v1/nlp.pb.go:138.2,138.14 1 0
github.com/ff3300/aleph-v2/internal/api/proto/aleph/nlp/v1/nlp.pb.go:149.43,151.29 2 0
github.com/ff3300/aleph-v2/internal/api/proto/aleph/nlp/v1/nlp.pb.go:151.29,155.3 3 0
github.com/ff3300/aleph-v2/internal/api/proto/aleph/nlp/v1/nlp.pb.go:158.51,160.2 1 0
github.com/ff3300/aleph-v2/internal/api/proto/aleph/nlp/v1/nlp.pb.go:162.49,162.50 0 0
github.com/ff3300/aleph-v2/internal/api/proto/aleph/nlp/v1/nlp.pb.go:164.71,166.41 2 0
github.com/ff3300/aleph-v2/internal/api/proto/aleph/nlp/v1/nlp.pb.go:166.41,168.34 2 0
github.com/ff3300/aleph-v2/internal/api/proto/aleph/nlp/v1/nlp.pb.go:168.34,170.4 1 0
github.com/ff3300/aleph-v2/internal/api/proto/aleph/nlp/v1/nlp.pb.go:171.3,171.12 1 0
github.com/ff3300/aleph-v2/internal/api/proto/aleph/nlp/v1/nlp.pb.go:173.2,173.24 1 0
github.com/ff3300/aleph-v2/internal/api/proto/aleph/nlp/v1/nlp.pb.go:177.62,179.2 1 0
github.com/ff3300/aleph-v2/internal/api/proto/aleph/nlp/v1/nlp.pb.go:181.52,182.14 1 0
github.com/ff3300/aleph-v2/internal/api/proto/aleph/nlp/v1/nlp.pb.go:182.14,184.3 1 0
github.com/ff3300/aleph-v2/internal/api/proto/aleph/nlp/v1/nlp.pb.go:185.2,185.11 1 0
github.com/ff3300/aleph-v2/internal/api/proto/aleph/nlp/v1/nlp.pb.go:197.44,199.29 2 0
github.com/ff3300/aleph-v2/internal/api/proto/aleph/nlp/v1/nlp.pb.go:199.29,203.3 3 0
github.com/ff3300/aleph-v2/internal/api/proto/aleph/nlp/v1/nlp.pb.go:206.52,208.2 1 0
github.com/ff3300/aleph-v2/internal/api/proto/aleph/nlp/v1/nlp.pb.go:210.50,210.51 0 0
github.com/ff3300/aleph-v2/internal/api/proto/aleph/nlp/v1/nlp.pb.go:212.72,214.41 2 0
github.com/ff3300/aleph-v2/internal/api/proto/aleph/nlp/v1/nlp.pb.go:214.41,216.34 2 0
github.com/ff3300/aleph-v2/internal/api/proto/aleph/nlp/v1/nlp.pb.go:216.34,218.4 1 0
github.com/ff3300/aleph-v2/internal/api/proto/aleph/nlp/v1/nlp.pb.go:219.3,219.12 1 0
github.com/ff3300/aleph-v2/internal/api/proto/aleph/nlp/v1/nlp.pb.go:221.2,221.24 1 0
github.com/ff3300/aleph-v2/internal/api/proto/aleph/nlp/v1/nlp.pb.go:225.63,227.2 1 0
github.com/ff3300/aleph-v2/internal/api/proto/aleph/nlp/v1/nlp.pb.go:229.55,230.14 1 0
github.com/ff3300/aleph-v2/internal/api/proto/aleph/nlp/v1/nlp.pb.go:230.14,232.3 1 0
github.com/ff3300/aleph-v2/internal/api/proto/aleph/nlp/v1/nlp.pb.go:233.2,233.10 1 0
github.com/ff3300/aleph-v2/internal/api/proto/aleph/nlp/v1/nlp.pb.go:236.54,237.14 1 0
github.com/ff3300/aleph-v2/internal/api/proto/aleph/nlp/v1/nlp.pb.go:237.14,239.3 1 0
github.com/ff3300/aleph-v2/internal/api/proto/aleph/nlp/v1/nlp.pb.go:240.2,240.11 1 0
github.com/ff3300/aleph-v2/internal/api/proto/aleph/nlp/v1/nlp.pb.go:252.44,254.29 2 0
github.com/ff3300/aleph-v2/internal/api/proto/aleph/nlp/v1/nlp.pb.go:254.29,258.3 3 0
github.com/ff3300/aleph-v2/internal/api/proto/aleph/nlp/v1/nlp.pb.go:261.52,263.2 1 0
github.com/ff3300/aleph-v2/internal/api/proto/aleph/nlp/v1/nlp.pb.go:265.50,265.51 0 0
github.com/ff3300/aleph-v2/internal/api/proto/aleph/nlp/v1/nlp.pb.go:267.72,269.41 2 0
github.com/ff3300/aleph-v2/internal/api/proto/aleph/nlp/v1/nlp.pb.go:269.41,271.34 2 0
github.com/ff3300/aleph-v2/internal/api/proto/aleph/nlp/v1/nlp.pb.go:271.34,273.4 1 0
github.com/ff3300/aleph-v2/internal/api/proto/aleph/nlp/v1/nlp.pb.go:274.3,274.12 1 0
github.com/ff3300/aleph-v2/internal/api/proto/aleph/nlp/v1/nlp.pb.go:276.2,276.24 1 0
github.com/ff3300/aleph-v2/internal/api/proto/aleph/nlp/v1/nlp.pb.go:280.63,282.2 1 0
github.com/ff3300/aleph-v2/internal/api/proto/aleph/nlp/v1/nlp.pb.go:284.58,285.14 1 0
github.com/ff3300/aleph-v2/internal/api/proto/aleph/nlp/v1/nlp.pb.go:285.14,287.3 1 0
github.com/ff3300/aleph-v2/internal/api/proto/aleph/nlp/v1/nlp.pb.go:288.2,288.11 1 0
github.com/ff3300/aleph-v2/internal/api/proto/aleph/nlp/v1/nlp.pb.go:291.62,292.14 1 0
github.com/ff3300/aleph-v2/internal/api/proto/aleph/nlp/v1/nlp.pb.go:292.14,294.3 1 0
github.com/ff3300/aleph-v2/internal/api/proto/aleph/nlp/v1/nlp.pb.go:295.2,295.11 1 0
github.com/ff3300/aleph-v2/internal/api/proto/aleph/nlp/v1/nlp.pb.go:310.45,312.29 2 0
github.com/ff3300/aleph-v2/internal/api/proto/aleph/nlp/v1/nlp.pb.go:312.29,316.3 3 0
github.com/ff3300/aleph-v2/internal/api/proto/aleph/nlp/v1/nlp.pb.go:319.53,321.2 1 0
github.com/ff3300/aleph-v2/internal/api/proto/aleph/nlp/v1/nlp.pb.go:323.51,323.52 0 0
github.com/ff3300/aleph-v2/internal/api/proto/aleph/nlp/v1/nlp.pb.go:325.73,327.41 2 0
github.com/ff3300/aleph-v2/internal/api/proto/aleph/nlp/v1/nlp.pb.go:327.41,329.34 2 0
github.com/ff3300/aleph-v2/internal/api/proto/aleph/nlp/v1/nlp.pb.go:329.34,331.4 1 0
github.com/ff3300/aleph-v2/internal/api/proto/aleph/nlp/v1/nlp.pb.go:332.3,332.12 1 0
github.com/ff3300/aleph-v2/internal/api/proto/aleph/nlp/v1/nlp.pb.go:334.2,334.24 1 0
github.com/ff3300/aleph-v2/internal/api/proto/aleph/nlp/v1/nlp.pb.go:338.64,340.2 1 0
github.com/ff3300/aleph-v2/internal/api/proto/aleph/nlp/v1/nlp.pb.go:342.58,343.14 1 0
github.com/ff3300/aleph-v2/internal/api/proto/aleph/nlp/v1/nlp.pb.go:343.14,345.3 1 0
github.com/ff3300/aleph-v2/internal/api/proto/aleph/nlp/v1/nlp.pb.go:346.2,346.11 1 0
github.com/ff3300/aleph-v2/internal/api/proto/aleph/nlp/v1/nlp.pb.go:349.62,350.14 1 0
github.com/ff3300/aleph-v2/internal/api/proto/aleph/nlp/v1/nlp.pb.go:350.14,352.3 1 0
github.com/ff3300/aleph-v2/internal/api/proto/aleph/nlp/v1/nlp.pb.go:353.2,353.10 1 0
github.com/ff3300/aleph-v2/internal/api/proto/aleph/nlp/v1/nlp.pb.go:356.64,357.14 1 0
github.com/ff3300/aleph-v2/internal/api/proto/aleph/nlp/v1/nlp.pb.go:357.14,359.3 1 0
github.com/ff3300/aleph-v2/internal/api/proto/aleph/nlp/v1/nlp.pb.go:360.2,360.11 1 0
github.com/ff3300/aleph-v2/internal/api/proto/aleph/nlp/v1/nlp.pb.go:363.61,364.14 1 0
github.com/ff3300/aleph-v2/internal/api/proto/aleph/nlp/v1/nlp.pb.go:364.14,366.3 1 0
github.com/ff3300/aleph-v2/internal/api/proto/aleph/nlp/v1/nlp.pb.go:367.2,367.11 1 0
github.com/ff3300/aleph-v2/internal/api/proto/aleph/nlp/v1/nlp.pb.go:370.59,371.14 1 0
github.com/ff3300/aleph-v2/internal/api/proto/aleph/nlp/v1/nlp.pb.go:371.14,373.3 1 0
github.com/ff3300/aleph-v2/internal/api/proto/aleph/nlp/v1/nlp.pb.go:374.2,374.14 1 0
github.com/ff3300/aleph-v2/internal/api/proto/aleph/nlp/v1/nlp.pb.go:391.35,393.29 2 0
github.com/ff3300/aleph-v2/internal/api/proto/aleph/nlp/v1/nlp.pb.go:393.29,397.3 3 0
github.com/ff3300/aleph-v2/internal/api/proto/aleph/nlp/v1/nlp.pb.go:400.43,402.2 1 0
github.com/ff3300/aleph-v2/internal/api/proto/aleph/nlp/v1/nlp.pb.go:404.41,404.42 0 0
github.com/ff3300/aleph-v2/internal/api/proto/aleph/nlp/v1/nlp.pb.go:406.63,408.41 2 0
github.com/ff3300/aleph-v2/internal/api/proto/aleph/nlp/v1/nlp.pb.go:408.41,410.34 2 0
github.com/ff3300/aleph-v2/internal/api/proto/aleph/nlp/v1/nlp.pb.go:410.34,412.4 1 0
github.com/ff3300/aleph-v2/internal/api/proto/aleph/nlp/v1/nlp.pb.go:413.3,413.12 1 0
github.com/ff3300/aleph-v2/internal/api/proto/aleph/nlp/v1/nlp.pb.go:415.2,415.24 1 0
github.com/ff3300/aleph-v2/internal/api/proto/aleph/nlp/v1/nlp.pb.go:419.54,421.2 1 0
github.com/ff3300/aleph-v2/internal/api/proto/aleph/nlp/v1/nlp.pb.go:423.48,424.14 1 0
github.com/ff3300/aleph-v2/internal/api/proto/aleph/nlp/v1/nlp.pb.go:424.14,426.3 1 0
github.com/ff3300/aleph-v2/internal/api/proto/aleph/nlp/v1/nlp.pb.go:427.2,427.11 1 0
github.com/ff3300/aleph-v2/internal/api/proto/aleph/nlp/v1/nlp.pb.go:430.52,431.14 1 0
github.com/ff3300/aleph-v2/internal/api/proto/aleph/nlp/v1/nlp.pb.go:431.14,433.3 1 0
github.com/ff3300/aleph-v2/internal/api/proto/aleph/nlp/v1/nlp.pb.go:434.2,434.10 1 0
github.com/ff3300/aleph-v2/internal/api/proto/aleph/nlp/v1/nlp.pb.go:437.54,438.14 1 0
github.com/ff3300/aleph-v2/internal/api/proto/aleph/nlp/v1/nlp.pb.go:438.14,440.3 1 0
github.com/ff3300/aleph-v2/internal/api/proto/aleph/nlp/v1/nlp.pb.go:441.2,441.11 1 0
github.com/ff3300/aleph-v2/internal/api/proto/aleph/nlp/v1/nlp.pb.go:444.51,445.14 1 0
github.com/ff3300/aleph-v2/internal/api/proto/aleph/nlp/v1/nlp.pb.go:445.14,447.3 1 0
github.com/ff3300/aleph-v2/internal/api/proto/aleph/nlp/v1/nlp.pb.go:448.2,448.11 1 0
github.com/ff3300/aleph-v2/internal/api/proto/aleph/nlp/v1/nlp.pb.go:451.51,452.14 1 0
github.com/ff3300/aleph-v2/internal/api/proto/aleph/nlp/v1/nlp.pb.go:452.14,454.3 1 0
github.com/ff3300/aleph-v2/internal/api/proto/aleph/nlp/v1/nlp.pb.go:455.2,455.11 1 0
github.com/ff3300/aleph-v2/internal/api/proto/aleph/nlp/v1/nlp.pb.go:458.48,459.14 1 0
github.com/ff3300/aleph-v2/internal/api/proto/aleph/nlp/v1/nlp.pb.go:459.14,461.3 1 0
github.com/ff3300/aleph-v2/internal/api/proto/aleph/nlp/v1/nlp.pb.go:462.2,462.10 1 0
github.com/ff3300/aleph-v2/internal/api/proto/aleph/nlp/v1/nlp.pb.go:465.49,466.14 1 0
github.com/ff3300/aleph-v2/internal/api/proto/aleph/nlp/v1/nlp.pb.go:466.14,468.3 1 0
github.com/ff3300/aleph-v2/internal/api/proto/aleph/nlp/v1/nlp.pb.go:469.2,469.14 1 0
github.com/ff3300/aleph-v2/internal/api/proto/aleph/nlp/v1/nlp.pb.go:565.55,566.52 1 0
github.com/ff3300/aleph-v2/internal/api/proto/aleph/nlp/v1/nlp.pb.go:566.52,568.3 1 0
github.com/ff3300/aleph-v2/internal/api/proto/aleph/nlp/v1/nlp.pb.go:569.2,569.48 1 0
github.com/ff3300/aleph-v2/internal/api/proto/aleph/nlp/v1/nlp.pb.go:596.13,596.51 1 0
github.com/ff3300/aleph-v2/internal/api/proto/aleph/nlp/v1/nlp.pb.go:597.41,598.40 1 0
github.com/ff3300/aleph-v2/internal/api/proto/aleph/nlp/v1/nlp.pb.go:598.40,600.3 1 0
github.com/ff3300/aleph-v2/internal/api/proto/aleph/nlp/v1/nlp.pb.go:601.2,601.30 1 0
github.com/ff3300/aleph-v2/internal/api/proto/aleph/nlp/v1/nlp.pb.go:601.30,602.77 1 0
github.com/ff3300/aleph-v2/internal/api/proto/aleph/nlp/v1/nlp.pb.go:602.77,603.46 1 0
github.com/ff3300/aleph-v2/internal/api/proto/aleph/nlp/v1/nlp.pb.go:604.11,605.20 1 0
github.com/ff3300/aleph-v2/internal/api/proto/aleph/nlp/v1/nlp.pb.go:606.11,607.24 1 0
github.com/ff3300/aleph-v2/internal/api/proto/aleph/nlp/v1/nlp.pb.go:608.11,609.28 1 0
github.com/ff3300/aleph-v2/internal/api/proto/aleph/nlp/v1/nlp.pb.go:610.12,611.15 1 0
github.com/ff3300/aleph-v2/internal/api/proto/aleph/nlp/v1/nlp.pb.go:614.3,614.77 1 0
github.com/ff3300/aleph-v2/internal/api/proto/aleph/nlp/v1/nlp.pb.go:614.77,615.47 1 0
github.com/ff3300/aleph-v2/internal/api/proto/aleph/nlp/v1/nlp.pb.go:616.11,617.20 1 0
github.com/ff3300/aleph-v2/internal/api/proto/aleph/nlp/v1/nlp.pb.go:618.11,619.24 1 0
github.com/ff3300/aleph-v2/internal/api/proto/aleph/nlp/v1/nlp.pb.go:620.11,621.28 1 0
github.com/ff3300/aleph-v2/internal/api/proto/aleph/nlp/v1/nlp.pb.go:622.12,623.15 1 0
github.com/ff3300/aleph-v2/internal/api/proto/aleph/nlp/v1/nlp.pb.go:626.3,626.77 1 0
github.com/ff3300/aleph-v2/internal/api/proto/aleph/nlp/v1/nlp.pb.go:626.77,627.48 1 0
github.com/ff3300/aleph-v2/internal/api/proto/aleph/nlp/v1/nlp.pb.go:628.11,629.20 1 0
github.com/ff3300/aleph-v2/internal/api/proto/aleph/nlp/v1/nlp.pb.go:630.11,631.24 1 0
github.com/ff3300/aleph-v2/internal/api/proto/aleph/nlp/v1/nlp.pb.go:632.11,633.28 1 0
github.com/ff3300/aleph-v2/internal/api/proto/aleph/nlp/v1/nlp.pb.go:634.12,635.15 1 0
github.com/ff3300/aleph-v2/internal/api/proto/aleph/nlp/v1/nlp.pb.go:638.3,638.77 1 0
github.com/ff3300/aleph-v2/internal/api/proto/aleph/nlp/v1/nlp.pb.go:638.77,639.49 1 0
github.com/ff3300/aleph-v2/internal/api/proto/aleph/nlp/v1/nlp.pb.go:640.11,641.20 1 0
github.com/ff3300/aleph-v2/internal/api/proto/aleph/nlp/v1/nlp.pb.go:642.11,643.24 1 0
github.com/ff3300/aleph-v2/internal/api/proto/aleph/nlp/v1/nlp.pb.go:644.11,645.28 1 0
github.com/ff3300/aleph-v2/internal/api/proto/aleph/nlp/v1/nlp.pb.go:646.12,647.15 1 0
github.com/ff3300/aleph-v2/internal/api/proto/aleph/nlp/v1/nlp.pb.go:650.3,650.77 1 0
github.com/ff3300/aleph-v2/internal/api/proto/aleph/nlp/v1/nlp.pb.go:650.77,651.49 1 0
github.com/ff3300/aleph-v2/internal/api/proto/aleph/nlp/v1/nlp.pb.go:652.11,653.20 1 0
github.com/ff3300/aleph-v2/internal/api/proto/aleph/nlp/v1/nlp.pb.go:654.11,655.24 1 0
github.com/ff3300/aleph-v2/internal/api/proto/aleph/nlp/v1/nlp.pb.go:656.11,657.28 1 0
github.com/ff3300/aleph-v2/internal/api/proto/aleph/nlp/v1/nlp.pb.go:658.12,659.15 1 0
github.com/ff3300/aleph-v2/internal/api/proto/aleph/nlp/v1/nlp.pb.go:662.3,662.77 1 0
github.com/ff3300/aleph-v2/internal/api/proto/aleph/nlp/v1/nlp.pb.go:662.77,663.50 1 0
github.com/ff3300/aleph-v2/internal/api/proto/aleph/nlp/v1/nlp.pb.go:664.11,665.20 1 0
github.com/ff3300/aleph-v2/internal/api/proto/aleph/nlp/v1/nlp.pb.go:666.11,667.24 1 0
github.com/ff3300/aleph-v2/internal/api/proto/aleph/nlp/v1/nlp.pb.go:668.11,669.28 1 0
github.com/ff3300/aleph-v2/internal/api/proto/aleph/nlp/v1/nlp.pb.go:670.12,671.15 1 0
github.com/ff3300/aleph-v2/internal/api/proto/aleph/nlp/v1/nlp.pb.go:674.3,674.77 1 0
github.com/ff3300/aleph-v2/internal/api/proto/aleph/nlp/v1/nlp.pb.go:674.77,675.40 1 0
github.com/ff3300/aleph-v2/internal/api/proto/aleph/nlp/v1/nlp.pb.go:676.11,677.20 1 0
github.com/ff3300/aleph-v2/internal/api/proto/aleph/nlp/v1/nlp.pb.go:678.11,679.24 1 0
github.com/ff3300/aleph-v2/internal/api/proto/aleph/nlp/v1/nlp.pb.go:680.11,681.28 1 0
github.com/ff3300/aleph-v2/internal/api/proto/aleph/nlp/v1/nlp.pb.go:682.12,683.15 1 0
github.com/ff3300/aleph-v2/internal/api/proto/aleph/nlp/v1/nlp.pb.go:687.2,704.43 6 0
github.com/ff3300/aleph-v2/internal/api/proto/aleph/nlp/v1/nlpconnect/nlp.connect.go:63.120,86.2 3 0
github.com/ff3300/aleph-v2/internal/api/proto/aleph/nlp/v1/nlpconnect/nlp.connect.go:96.174,98.2 1 0
github.com/ff3300/aleph-v2/internal/api/proto/aleph/nlp/v1/nlpconnect/nlp.connect.go:101.190,103.2 1 0
github.com/ff3300/aleph-v2/internal/api/proto/aleph/nlp/v1/nlpconnect/nlp.connect.go:106.168,108.2 1 0
github.com/ff3300/aleph-v2/internal/api/proto/aleph/nlp/v1/nlpconnect/nlp.connect.go:124.104,144.100 5 0
github.com/ff3300/aleph-v2/internal/api/proto/aleph/nlp/v1/nlpconnect/nlp.connect.go:144.100,145.21 1 0
github.com/ff3300/aleph-v2/internal/api/proto/aleph/nlp/v1/nlpconnect/nlp.connect.go:146.44,147.53 1 0
github.com/ff3300/aleph-v2/internal/api/proto/aleph/nlp/v1/nlpconnect/nlp.connect.go:148.45,149.54 1 0
github.com/ff3300/aleph-v2/internal/api/proto/aleph/nlp/v1/nlpconnect/nlp.connect.go:150.42,151.51 1 0
github.com/ff3300/aleph-v2/internal/api/proto/aleph/nlp/v1/nlpconnect/nlp.connect.go:152.11,153.23 1 0
github.com/ff3300/aleph-v2/internal/api/proto/aleph/nlp/v1/nlpconnect/nlp.connect.go:161.177,163.2 1 0
github.com/ff3300/aleph-v2/internal/api/proto/aleph/nlp/v1/nlpconnect/nlp.connect.go:165.182,167.2 1 0
github.com/ff3300/aleph-v2/internal/api/proto/aleph/nlp/v1/nlpconnect/nlp.connect.go:169.171,171.2 1 0
github.com/ff3300/aleph-v2/internal/api/proto/aleph/v1/v1connect/notification.connect.go:64.138,80.2 2 0
github.com/ff3300/aleph-v2/internal/api/proto/aleph/v1/v1connect/notification.connect.go:89.166,91.2 1 0
github.com/ff3300/aleph-v2/internal/api/proto/aleph/v1/v1connect/notification.connect.go:94.169,96.2 1 0
github.com/ff3300/aleph-v2/internal/api/proto/aleph/v1/v1connect/notification.connect.go:109.122,122.105 3 0
github.com/ff3300/aleph-v2/internal/api/proto/aleph/v1/v1connect/notification.connect.go:122.105,123.21 1 0
github.com/ff3300/aleph-v2/internal/api/proto/aleph/v1/v1connect/notification.connect.go:124.48,125.57 1 0
github.com/ff3300/aleph-v2/internal/api/proto/aleph/v1/v1connect/notification.connect.go:126.49,127.58 1 0
github.com/ff3300/aleph-v2/internal/api/proto/aleph/v1/v1connect/notification.connect.go:128.11,129.23 1 0
github.com/ff3300/aleph-v2/internal/api/proto/aleph/v1/v1connect/notification.connect.go:137.169,139.2 1 0
github.com/ff3300/aleph-v2/internal/api/proto/aleph/v1/v1connect/notification.connect.go:141.172,143.2 1 0
github.com/ff3300/aleph-v2/internal/api/proto/aleph/v1/v1connect/query.connect.go:221.124,261.2 2 0
github.com/ff3300/aleph-v2/internal/api/proto/aleph/v1/v1connect/query.connect.go:274.162,276.2 1 0
github.com/ff3300/aleph-v2/internal/api/proto/aleph/v1/v1connect/query.connect.go:279.151,281.2 1 0
github.com/ff3300/aleph-v2/internal/api/proto/aleph/v1/v1connect/query.connect.go:284.168,286.2 1 0
github.com/ff3300/aleph-v2/internal/api/proto/aleph/v1/v1connect/query.connect.go:289.162,291.2 1 0
github.com/ff3300/aleph-v2/internal/api/proto/aleph/v1/v1connect/query.connect.go:294.165,296.2 1 0
github.com/ff3300/aleph-v2/internal/api/proto/aleph/v1/v1connect/query.connect.go:299.159,301.2 1 0
github.com/ff3300/aleph-v2/internal/api/proto/aleph/v1/v1connect/query.connect.go:318.108,355.98 7 0
github.com/ff3300/aleph-v2/internal/api/proto/aleph/v1/v1connect/query.connect.go:355.98,356.21 1 0
github.com/ff3300/aleph-v2/internal/api/proto/aleph/v1/v1connect/query.connect.go:357.42,358.51 1 0
github.com/ff3300/aleph-v2/internal/api/proto/aleph/v1/v1connect/query.connect.go:359.34,360.43 1 0
github.com/ff3300/aleph-v2/internal/api/proto/aleph/v1/v1connect/query.connect.go:361.44,362.53 1 0
github.com/ff3300/aleph-v2/internal/api/proto/aleph/v1/v1connect/query.connect.go:363.42,364.51 1 0
github.com/ff3300/aleph-v2/internal/api/proto/aleph/v1/v1connect/query.connect.go:365.43,366.52 1 0
github.com/ff3300/aleph-v2/internal/api/proto/aleph/v1/v1connect/query.connect.go:367.41,368.50 1 0
github.com/ff3300/aleph-v2/internal/api/proto/aleph/v1/v1connect/query.connect.go:369.11,370.23 1 0
github.com/ff3300/aleph-v2/internal/api/proto/aleph/v1/v1connect/query.connect.go:378.165,380.2 1 0
github.com/ff3300/aleph-v2/internal/api/proto/aleph/v1/v1connect/query.connect.go:382.143,384.2 1 0
github.com/ff3300/aleph-v2/internal/api/proto/aleph/v1/v1connect/query.connect.go:386.171,388.2 1 0
github.com/ff3300/aleph-v2/internal/api/proto/aleph/v1/v1connect/query.connect.go:390.165,392.2 1 0
github.com/ff3300/aleph-v2/internal/api/proto/aleph/v1/v1connect/query.connect.go:394.168,396.2 1 0
github.com/ff3300/aleph-v2/internal/api/proto/aleph/v1/v1connect/query.connect.go:398.162,400.2 1 0
github.com/ff3300/aleph-v2/internal/api/proto/aleph/v1/v1connect/query.connect.go:419.128,459.2 2 0
github.com/ff3300/aleph-v2/internal/api/proto/aleph/v1/v1connect/query.connect.go:472.164,474.2 1 0
github.com/ff3300/aleph-v2/internal/api/proto/aleph/v1/v1connect/query.connect.go:477.167,479.2 1 0
github.com/ff3300/aleph-v2/internal/api/proto/aleph/v1/v1connect/query.connect.go:482.167,484.2 1 0
github.com/ff3300/aleph-v2/internal/api/proto/aleph/v1/v1connect/query.connect.go:487.170,489.2 1 0
github.com/ff3300/aleph-v2/internal/api/proto/aleph/v1/v1connect/query.connect.go:492.161,494.2 1 0
github.com/ff3300/aleph-v2/internal/api/proto/aleph/v1/v1connect/query.connect.go:497.164,499.2 1 0
github.com/ff3300/aleph-v2/internal/api/proto/aleph/v1/v1connect/query.connect.go:516.112,553.100 7 0
github.com/ff3300/aleph-v2/internal/api/proto/aleph/v1/v1connect/query.connect.go:553.100,554.21 1 0
github.com/ff3300/aleph-v2/internal/api/proto/aleph/v1/v1connect/query.connect.go:555.44,556.53 1 0
github.com/ff3300/aleph-v2/internal/api/proto/aleph/v1/v1connect/query.connect.go:557.45,558.54 1 0
github.com/ff3300/aleph-v2/internal/api/proto/aleph/v1/v1connect/query.connect.go:559.45,560.54 1 0
github.com/ff3300/aleph-v2/internal/api/proto/aleph/v1/v1connect/query.connect.go:561.46,562.55 1 0
github.com/ff3300/aleph-v2/internal/api/proto/aleph/v1/v1connect/query.connect.go:563.43,564.52 1 0
github.com/ff3300/aleph-v2/internal/api/proto/aleph/v1/v1connect/query.connect.go:565.44,566.53 1 0
github.com/ff3300/aleph-v2/internal/api/proto/aleph/v1/v1connect/query.connect.go:567.11,568.23 1 0
github.com/ff3300/aleph-v2/internal/api/proto/aleph/v1/v1connect/query.connect.go:576.167,578.2 1 0
github.com/ff3300/aleph-v2/internal/api/proto/aleph/v1/v1connect/query.connect.go:580.170,582.2 1 0
github.com/ff3300/aleph-v2/internal/api/proto/aleph/v1/v1connect/query.connect.go:584.170,586.2 1 0
github.com/ff3300/aleph-v2/internal/api/proto/aleph/v1/v1connect/query.connect.go:588.173,590.2 1 0
github.com/ff3300/aleph-v2/internal/api/proto/aleph/v1/v1connect/query.connect.go:592.164,594.2 1 0
github.com/ff3300/aleph-v2/internal/api/proto/aleph/v1/v1connect/query.connect.go:596.167,598.2 1 0
github.com/ff3300/aleph-v2/internal/api/proto/aleph/v1/v1connect/query.connect.go:617.132,657.2 2 0
github.com/ff3300/aleph-v2/internal/api/proto/aleph/v1/v1connect/query.connect.go:670.157,672.2 1 0
github.com/ff3300/aleph-v2/internal/api/proto/aleph/v1/v1connect/query.connect.go:675.160,677.2 1 0
github.com/ff3300/aleph-v2/internal/api/proto/aleph/v1/v1connect/query.connect.go:680.160,682.2 1 0
github.com/ff3300/aleph-v2/internal/api/proto/aleph/v1/v1connect/query.connect.go:685.151,687.2 1 0
github.com/ff3300/aleph-v2/internal/api/proto/aleph/v1/v1connect/query.connect.go:690.163,692.2 1 0
github.com/ff3300/aleph-v2/internal/api/proto/aleph/v1/v1connect/query.connect.go:695.163,697.2 1 0
github.com/ff3300/aleph-v2/internal/api/proto/aleph/v1/v1connect/query.connect.go:714.116,751.102 7 0
github.com/ff3300/aleph-v2/internal/api/proto/aleph/v1/v1connect/query.connect.go:751.102,752.21 1 0
github.com/ff3300/aleph-v2/internal/api/proto/aleph/v1/v1connect/query.connect.go:753.43,754.52 1 0
github.com/ff3300/aleph-v2/internal/api/proto/aleph/v1/v1connect/query.connect.go:755.44,756.53 1 0
github.com/ff3300/aleph-v2/internal/api/proto/aleph/v1/v1connect/query.connect.go:757.44,758.53 1 0
github.com/ff3300/aleph-v2/internal/api/proto/aleph/v1/v1connect/query.connect.go:759.41,760.50 1 0
github.com/ff3300/aleph-v2/internal/api/proto/aleph/v1/v1connect/query.connect.go:761.45,762.54 1 0
github.com/ff3300/aleph-v2/internal/api/proto/aleph/v1/v1connect/query.connect.go:763.45,764.54 1 0
github.com/ff3300/aleph-v2/internal/api/proto/aleph/v1/v1connect/query.connect.go:765.11,766.23 1 0
github.com/ff3300/aleph-v2/internal/api/proto/aleph/v1/v1connect/query.connect.go:774.160,776.2 1 0
github.com/ff3300/aleph-v2/internal/api/proto/aleph/v1/v1connect/query.connect.go:778.163,780.2 1 0
github.com/ff3300/aleph-v2/internal/api/proto/aleph/v1/v1connect/query.connect.go:782.163,784.2 1 0
github.com/ff3300/aleph-v2/internal/api/proto/aleph/v1/v1connect/query.connect.go:786.154,788.2 1 0
github.com/ff3300/aleph-v2/internal/api/proto/aleph/v1/v1connect/query.connect.go:790.166,792.2 1 0
github.com/ff3300/aleph-v2/internal/api/proto/aleph/v1/v1connect/query.connect.go:794.166,796.2 1 0
github.com/ff3300/aleph-v2/internal/api/proto/aleph/v1/v1connect/query.connect.go:814.124,848.2 2 0
github.com/ff3300/aleph-v2/internal/api/proto/aleph/v1/v1connect/query.connect.go:860.156,862.2 1 0
github.com/ff3300/aleph-v2/internal/api/proto/aleph/v1/v1connect/query.connect.go:865.159,867.2 1 0
github.com/ff3300/aleph-v2/internal/api/proto/aleph/v1/v1connect/query.connect.go:870.159,872.2 1 0
github.com/ff3300/aleph-v2/internal/api/proto/aleph/v1/v1connect/query.connect.go:875.159,877.2 1 0
github.com/ff3300/aleph-v2/internal/api/proto/aleph/v1/v1connect/query.connect.go:880.156,882.2 1 0
github.com/ff3300/aleph-v2/internal/api/proto/aleph/v1/v1connect/query.connect.go:898.108,929.98 6 0
github.com/ff3300/aleph-v2/internal/api/proto/aleph/v1/v1connect/query.connect.go:929.98,930.21 1 0
github.com/ff3300/aleph-v2/internal/api/proto/aleph/v1/v1connect/query.connect.go:931.40,932.49 1 0
github.com/ff3300/aleph-v2/internal/api/proto/aleph/v1/v1connect/query.connect.go:933.41,934.50 1 0
github.com/ff3300/aleph-v2/internal/api/proto/aleph/v1/v1connect/query.connect.go:935.41,936.50 1 0
github.com/ff3300/aleph-v2/internal/api/proto/aleph/v1/v1connect/query.connect.go:937.41,938.50 1 0
github.com/ff3300/aleph-v2/internal/api/proto/aleph/v1/v1connect/query.connect.go:939.40,940.49 1 0
github.com/ff3300/aleph-v2/internal/api/proto/aleph/v1/v1connect/query.connect.go:941.11,942.23 1 0
github.com/ff3300/aleph-v2/internal/api/proto/aleph/v1/v1connect/query.connect.go:950.159,952.2 1 0
github.com/ff3300/aleph-v2/internal/api/proto/aleph/v1/v1connect/query.connect.go:954.162,956.2 1 0
github.com/ff3300/aleph-v2/internal/api/proto/aleph/v1/v1connect/query.connect.go:958.162,960.2 1 0
github.com/ff3300/aleph-v2/internal/api/proto/aleph/v1/v1connect/query.connect.go:962.162,964.2 1 0
github.com/ff3300/aleph-v2/internal/api/proto/aleph/v1/v1connect/query.connect.go:966.159,968.2 1 0
github.com/ff3300/aleph-v2/internal/api/proto/aleph/v1/v1connect/query.connect.go:984.124,1006.2 2 0
github.com/ff3300/aleph-v2/internal/api/proto/aleph/v1/v1connect/query.connect.go:1016.156,1018.2 1 0
github.com/ff3300/aleph-v2/internal/api/proto/aleph/v1/v1connect/query.connect.go:1021.159,1023.2 1 0
github.com/ff3300/aleph-v2/internal/api/proto/aleph/v1/v1connect/query.connect.go:1026.159,1028.2 1 0
github.com/ff3300/aleph-v2/internal/api/proto/aleph/v1/v1connect/query.connect.go:1042.108,1061.98 4 0
github.com/ff3300/aleph-v2/internal/api/proto/aleph/v1/v1connect/query.connect.go:1061.98,1062.21 1 0
github.com/ff3300/aleph-v2/internal/api/proto/aleph/v1/v1connect/query.connect.go:1063.40,1064.49 1 0
github.com/ff3300/aleph-v2/internal/api/proto/aleph/v1/v1connect/query.connect.go:1065.41,1066.50 1 0
github.com/ff3300/aleph-v2/internal/api/proto/aleph/v1/v1connect/query.connect.go:1067.41,1068.50 1 0
github.com/ff3300/aleph-v2/internal/api/proto/aleph/v1/v1connect/query.connect.go:1069.11,1070.23 1 0
github.com/ff3300/aleph-v2/internal/api/proto/aleph/v1/v1connect/query.connect.go:1078.159,1080.2 1 0
github.com/ff3300/aleph-v2/internal/api/proto/aleph/v1/v1connect/query.connect.go:1082.162,1084.2 1 0
github.com/ff3300/aleph-v2/internal/api/proto/aleph/v1/v1connect/query.connect.go:1086.162,1088.2 1 0
github.com/ff3300/aleph-v2/internal/api/proto/aleph/v1/v1connect/query.connect.go:1104.122,1126.2 2 0
github.com/ff3300/aleph-v2/internal/api/proto/aleph/v1/v1connect/query.connect.go:1136.152,1138.2 1 0
github.com/ff3300/aleph-v2/internal/api/proto/aleph/v1/v1connect/query.connect.go:1141.155,1143.2 1 0
github.com/ff3300/aleph-v2/internal/api/proto/aleph/v1/v1connect/query.connect.go:1146.155,1148.2 1 0
github.com/ff3300/aleph-v2/internal/api/proto/aleph/v1/v1connect/query.connect.go:1162.106,1181.97 4 0
github.com/ff3300/aleph-v2/internal/api/proto/aleph/v1/v1connect/query.connect.go:1181.97,1182.21 1 0
github.com/ff3300/aleph-v2/internal/api/proto/aleph/v1/v1connect/query.connect.go:1183.38,1184.47 1 0
github.com/ff3300/aleph-v2/internal/api/proto/aleph/v1/v1connect/query.connect.go:1185.39,1186.48 1 0
github.com/ff3300/aleph-v2/internal/api/proto/aleph/v1/v1connect/query.connect.go:1187.39,1188.48 1 0
github.com/ff3300/aleph-v2/internal/api/proto/aleph/v1/v1connect/query.connect.go:1189.11,1190.23 1 0
github.com/ff3300/aleph-v2/internal/api/proto/aleph/v1/v1connect/query.connect.go:1198.155,1200.2 1 0
github.com/ff3300/aleph-v2/internal/api/proto/aleph/v1/v1connect/query.connect.go:1202.158,1204.2 1 0
github.com/ff3300/aleph-v2/internal/api/proto/aleph/v1/v1connect/query.connect.go:1206.158,1208.2 1 0
github.com/ff3300/aleph-v2/internal/api/proto/aleph/v1/v1connect/query.connect.go:1226.128,1260.2 2 0
github.com/ff3300/aleph-v2/internal/api/proto/aleph/v1/v1connect/query.connect.go:1272.158,1274.2 1 0
github.com/ff3300/aleph-v2/internal/api/proto/aleph/v1/v1connect/query.connect.go:1277.173,1279.2 1 0
github.com/ff3300/aleph-v2/internal/api/proto/aleph/v1/v1connect/query.connect.go:1282.161,1284.2 1 0
github.com/ff3300/aleph-v2/internal/api/proto/aleph/v1/v1connect/query.connect.go:1287.161,1289.2 1 0
github.com/ff3300/aleph-v2/internal/api/proto/aleph/v1/v1connect/query.connect.go:1292.161,1294.2 1 0
github.com/ff3300/aleph-v2/internal/api/proto/aleph/v1/v1connect/query.connect.go:1310.112,1341.100 6 0
github.com/ff3300/aleph-v2/internal/api/proto/aleph/v1/v1connect/query.connect.go:1341.100,1342.21 1 0
github.com/ff3300/aleph-v2/internal/api/proto/aleph/v1/v1connect/query.connect.go:1343.42,1344.51 1 0
github.com/ff3300/aleph-v2/internal/api/proto/aleph/v1/v1connect/query.connect.go:1345.47,1346.56 1 0
github.com/ff3300/aleph-v2/internal/api/proto/aleph/v1/v1connect/query.connect.go:1347.43,1348.52 1 0
github.com/ff3300/aleph-v2/internal/api/proto/aleph/v1/v1connect/query.connect.go:1349.43,1350.52 1 0
github.com/ff3300/aleph-v2/internal/api/proto/aleph/v1/v1connect/query.connect.go:1351.43,1352.52 1 0
github.com/ff3300/aleph-v2/internal/api/proto/aleph/v1/v1connect/query.connect.go:1353.11,1354.23 1 0
github.com/ff3300/aleph-v2/internal/api/proto/aleph/v1/v1connect/query.connect.go:1362.161,1364.2 1 0
github.com/ff3300/aleph-v2/internal/api/proto/aleph/v1/v1connect/query.connect.go:1366.176,1368.2 1 0
github.com/ff3300/aleph-v2/internal/api/proto/aleph/v1/v1connect/query.connect.go:1370.164,1372.2 1 0
github.com/ff3300/aleph-v2/internal/api/proto/aleph/v1/v1connect/query.connect.go:1374.164,1376.2 1 0
github.com/ff3300/aleph-v2/internal/api/proto/aleph/v1/v1connect/query.connect.go:1378.164,1380.2 1 0
github.com/ff3300/aleph-v2/internal/api/proto/aleph/v1/v1connect/query.connect.go:1396.122,1418.2 2 0
github.com/ff3300/aleph-v2/internal/api/proto/aleph/v1/v1connect/query.connect.go:1428.158,1430.2 1 0
github.com/ff3300/aleph-v2/internal/api/proto/aleph/v1/v1connect/query.connect.go:1433.161,1435.2 1 0
github.com/ff3300/aleph-v2/internal/api/proto/aleph/v1/v1connect/query.connect.go:1438.161,1440.2 1 0
github.com/ff3300/aleph-v2/internal/api/proto/aleph/v1/v1connect/query.connect.go:1454.106,1473.97 4 0
github.com/ff3300/aleph-v2/internal/api/proto/aleph/v1/v1connect/query.connect.go:1473.97,1474.21 1 0
github.com/ff3300/aleph-v2/internal/api/proto/aleph/v1/v1connect/query.connect.go:1475.40,1476.49 1 0
github.com/ff3300/aleph-v2/internal/api/proto/aleph/v1/v1connect/query.connect.go:1477.41,1478.50 1 0
github.com/ff3300/aleph-v2/internal/api/proto/aleph/v1/v1connect/query.connect.go:1479.41,1480.50 1 0
github.com/ff3300/aleph-v2/internal/api/proto/aleph/v1/v1connect/query.connect.go:1481.11,1482.23 1 0
github.com/ff3300/aleph-v2/internal/api/proto/aleph/v1/v1connect/query.connect.go:1490.161,1492.2 1 0
github.com/ff3300/aleph-v2/internal/api/proto/aleph/v1/v1connect/query.connect.go:1494.164,1496.2 1 0
github.com/ff3300/aleph-v2/internal/api/proto/aleph/v1/v1connect/query.connect.go:1498.164,1500.2 1 0
github.com/ff3300/aleph-v2/internal/api/proto/aleph/v1/v1connect/registry.connect.go:74.130,102.2 2 0
github.com/ff3300/aleph-v2/internal/api/proto/aleph/v1/v1connect/registry.connect.go:113.180,115.2 1 0
github.com/ff3300/aleph-v2/internal/api/proto/aleph/v1/v1connect/registry.connect.go:118.165,120.2 1 0
github.com/ff3300/aleph-v2/internal/api/proto/aleph/v1/v1connect/registry.connect.go:123.171,125.2 1 0
github.com/ff3300/aleph-v2/internal/api/proto/aleph/v1/v1connect/registry.connect.go:128.192,130.2 1 0
github.com/ff3300/aleph-v2/internal/api/proto/aleph/v1/v1connect/registry.connect.go:145.114,170.110 5 0
github.com/ff3300/aleph-v2/internal/api/proto/aleph/v1/v1connect/registry.connect.go:170.110,171.21 1 0
github.com/ff3300/aleph-v2/internal/api/proto/aleph/v1/v1connect/registry.connect.go:172.50,173.59 1 0
github.com/ff3300/aleph-v2/internal/api/proto/aleph/v1/v1connect/registry.connect.go:174.45,175.54 1 0
github.com/ff3300/aleph-v2/internal/api/proto/aleph/v1/v1connect/registry.connect.go:176.47,177.56 1 0
github.com/ff3300/aleph-v2/internal/api/proto/aleph/v1/v1connect/registry.connect.go:178.54,179.63 1 0
github.com/ff3300/aleph-v2/internal/api/proto/aleph/v1/v1connect/registry.connect.go:180.11,181.23 1 0
github.com/ff3300/aleph-v2/internal/api/proto/aleph/v1/v1connect/registry.connect.go:189.183,191.2 1 0
github.com/ff3300/aleph-v2/internal/api/proto/aleph/v1/v1connect/registry.connect.go:193.168,195.2 1 0
github.com/ff3300/aleph-v2/internal/api/proto/aleph/v1/v1connect/registry.connect.go:197.174,199.2 1 0
github.com/ff3300/aleph-v2/internal/api/proto/aleph/v1/v1connect/registry.connect.go:201.195,203.2 1 0
github.com/ff3300/aleph-v2/internal/api/proto/aleph/v1/v1connect/sandbox.connect.go:63.128,79.2 2 0
github.com/ff3300/aleph-v2/internal/api/proto/aleph/v1/v1connect/sandbox.connect.go:88.161,90.2 1 0
github.com/ff3300/aleph-v2/internal/api/proto/aleph/v1/v1connect/sandbox.connect.go:93.152,95.2 1 0
github.com/ff3300/aleph-v2/internal/api/proto/aleph/v1/v1connect/sandbox.connect.go:108.112,121.105 3 0
github.com/ff3300/aleph-v2/internal/api/proto/aleph/v1/v1connect/sandbox.connect.go:121.105,122.21 1 0
github.com/ff3300/aleph-v2/internal/api/proto/aleph/v1/v1connect/sandbox.connect.go:123.43,124.52 1 0
github.com/ff3300/aleph-v2/internal/api/proto/aleph/v1/v1connect/sandbox.connect.go:125.40,126.49 1 0
github.com/ff3300/aleph-v2/internal/api/proto/aleph/v1/v1connect/sandbox.connect.go:127.11,128.23 1 0
github.com/ff3300/aleph-v2/internal/api/proto/aleph/v1/v1connect/sandbox.connect.go:136.164,138.2 1 0
github.com/ff3300/aleph-v2/internal/api/proto/aleph/v1/v1connect/sandbox.connect.go:140.155,142.2 1 0
github.com/ff3300/aleph-v2/internal/llm/anthropic.go:16.111,26.16 3 0
github.com/ff3300/aleph-v2/internal/llm/anthropic.go:26.16,28.3 1 0
github.com/ff3300/aleph-v2/internal/llm/anthropic.go:30.2,33.16 4 0
github.com/ff3300/aleph-v2/internal/llm/anthropic.go:33.16,35.3 1 0
github.com/ff3300/aleph-v2/internal/llm/anthropic.go:36.2,41.16 5 0
github.com/ff3300/aleph-v2/internal/llm/anthropic.go:41.16,43.3 1 0
github.com/ff3300/aleph-v2/internal/llm/anthropic.go:44.2,46.38 2 0
github.com/ff3300/aleph-v2/internal/llm/anthropic.go:46.38,48.17 2 0
github.com/ff3300/aleph-v2/internal/llm/anthropic.go:48.17,50.4 1 0
github.com/ff3300/aleph-v2/internal/llm/anthropic.go:51.3,51.88 1 0
github.com/ff3300/aleph-v2/internal/llm/anthropic.go:54.2,66.16 3 0
github.com/ff3300/aleph-v2/internal/llm/anthropic.go:66.16,68.3 1 0
github.com/ff3300/aleph-v2/internal/llm/anthropic.go:70.2,70.65 1 0
github.com/ff3300/aleph-v2/internal/llm/anthropic.go:70.65,72.3 1 0
github.com/ff3300/aleph-v2/internal/llm/anthropic.go:74.2,77.45 3 0
github.com/ff3300/aleph-v2/internal/llm/anthropic.go:77.45,78.20 1 0
github.com/ff3300/aleph-v2/internal/llm/anthropic.go:79.15,80.23 1 0
github.com/ff3300/aleph-v2/internal/llm/anthropic.go:80.23,82.5 1 0
github.com/ff3300/aleph-v2/internal/llm/anthropic.go:83.19,85.27 2 0
github.com/ff3300/aleph-v2/internal/llm/anthropic.go:85.27,86.61 1 0
github.com/ff3300/aleph-v2/internal/llm/anthropic.go:86.61,88.6 1 0
github.com/ff3300/aleph-v2/internal/llm/anthropic.go:89.10,91.5 1 0
github.com/ff3300/aleph-v2/internal/llm/anthropic.go:92.4,95.6 1 0
github.com/ff3300/aleph-v2/internal/llm/anthropic.go:99.2,102.8 1 0
github.com/ff3300/aleph-v2/internal/llm/ollama.go:16.108,20.28 3 0
github.com/ff3300/aleph-v2/internal/llm/ollama.go:20.28,25.3 1 0
github.com/ff3300/aleph-v2/internal/llm/ollama.go:27.2,35.16 3 0
github.com/ff3300/aleph-v2/internal/llm/ollama.go:35.16,37.3 1 0
github.com/ff3300/aleph-v2/internal/llm/ollama.go:39.2,42.16 4 0
github.com/ff3300/aleph-v2/internal/llm/ollama.go:42.16,44.3 1 0
github.com/ff3300/aleph-v2/internal/llm/ollama.go:45.2,48.16 3 0
github.com/ff3300/aleph-v2/internal/llm/ollama.go:48.16,50.3 1 0
github.com/ff3300/aleph-v2/internal/llm/ollama.go:51.2,53.38 2 0
github.com/ff3300/aleph-v2/internal/llm/ollama.go:53.38,55.17 2 0
github.com/ff3300/aleph-v2/internal/llm/ollama.go:55.17,57.4 1 0
github.com/ff3300/aleph-v2/internal/llm/ollama.go:58.3,58.85 1 0
github.com/ff3300/aleph-v2/internal/llm/ollama.go:61.2,75.16 3 0
github.com/ff3300/aleph-v2/internal/llm/ollama.go:75.16,77.3 1 0
github.com/ff3300/aleph-v2/internal/llm/ollama.go:79.2,79.62 1 0
github.com/ff3300/aleph-v2/internal/llm/ollama.go:79.62,81.3 1 0
github.com/ff3300/aleph-v2/internal/llm/ollama.go:83.2,84.50 2 0
github.com/ff3300/aleph-v2/internal/llm/ollama.go:84.50,89.3 1 0
github.com/ff3300/aleph-v2/internal/llm/ollama.go:91.2,94.8 1 0
github.com/ff3300/aleph-v2/internal/llm/openai.go:16.108,18.110 2 0
github.com/ff3300/aleph-v2/internal/llm/openai.go:18.110,20.3 1 0
github.com/ff3300/aleph-v2/internal/llm/openai.go:22.2,29.28 2 0
github.com/ff3300/aleph-v2/internal/llm/openai.go:29.28,38.3 5 0
github.com/ff3300/aleph-v2/internal/llm/openai.go:40.2,41.16 2 0
github.com/ff3300/aleph-v2/internal/llm/openai.go:41.16,43.3 1 0
github.com/ff3300/aleph-v2/internal/llm/openai.go:45.2,46.16 2 0
github.com/ff3300/aleph-v2/internal/llm/openai.go:46.16,48.3 1 0
github.com/ff3300/aleph-v2/internal/llm/openai.go:49.2,50.22 2 0
github.com/ff3300/aleph-v2/internal/llm/openai.go:50.22,52.3 1 0
github.com/ff3300/aleph-v2/internal/llm/openai.go:54.2,55.16 2 0
github.com/ff3300/aleph-v2/internal/llm/openai.go:55.16,57.3 1 0
github.com/ff3300/aleph-v2/internal/llm/openai.go:58.2,60.38 2 0
github.com/ff3300/aleph-v2/internal/llm/openai.go:60.38,62.17 2 0
github.com/ff3300/aleph-v2/internal/llm/openai.go:62.17,64.4 1 0
github.com/ff3300/aleph-v2/internal/llm/openai.go:65.3,65.85 1 0
github.com/ff3300/aleph-v2/internal/llm/openai.go:68.2,84.16 3 0
github.com/ff3300/aleph-v2/internal/llm/openai.go:84.16,86.3 1 0
github.com/ff3300/aleph-v2/internal/llm/openai.go:88.2,88.62 1 0
github.com/ff3300/aleph-v2/internal/llm/openai.go:88.62,90.3 1 0
github.com/ff3300/aleph-v2/internal/llm/openai.go:92.2,92.34 1 0
github.com/ff3300/aleph-v2/internal/llm/openai.go:92.34,94.3 1 0
github.com/ff3300/aleph-v2/internal/llm/openai.go:96.2,97.61 2 0
github.com/ff3300/aleph-v2/internal/llm/openai.go:97.61,99.78 2 0
github.com/ff3300/aleph-v2/internal/llm/openai.go:99.78,101.4 1 0
github.com/ff3300/aleph-v2/internal/llm/openai.go:102.3,105.5 1 0
github.com/ff3300/aleph-v2/internal/llm/openai.go:108.2,111.8 1 0
github.com/ff3300/aleph-v2/internal/llm/provider.go:32.85,33.58 1 0
github.com/ff3300/aleph-v2/internal/llm/provider.go:33.58,35.3 1 0
github.com/ff3300/aleph-v2/internal/llm/provider.go:37.2,37.18 1 0
github.com/ff3300/aleph-v2/internal/llm/provider.go:38.16,39.45 1 0
github.com/ff3300/aleph-v2/internal/llm/provider.go:40.19,41.48 1 0
github.com/ff3300/aleph-v2/internal/llm/provider.go:42.16,43.45 1 0
github.com/ff3300/aleph-v2/internal/llm/provider.go:44.10,45.13 1 0
github.com/ff3300/aleph-v2/internal/api/proto/aleph/v1/notification.pb.go:33.38,35.29 2 0
github.com/ff3300/aleph-v2/internal/api/proto/aleph/v1/notification.pb.go:35.29,39.3 3 0
github.com/ff3300/aleph-v2/internal/api/proto/aleph/v1/notification.pb.go:42.46,44.2 1 0
github.com/ff3300/aleph-v2/internal/api/proto/aleph/v1/notification.pb.go:46.44,46.45 0 0
github.com/ff3300/aleph-v2/internal/api/proto/aleph/v1/notification.pb.go:48.66,50.41 2 0
github.com/ff3300/aleph-v2/internal/api/proto/aleph/v1/notification.pb.go:50.41,52.34 2 0
github.com/ff3300/aleph-v2/internal/api/proto/aleph/v1/notification.pb.go:52.34,54.4 1 0
github.com/ff3300/aleph-v2/internal/api/proto/aleph/v1/notification.pb.go:55.3,55.12 1 0
github.com/ff3300/aleph-v2/internal/api/proto/aleph/v1/notification.pb.go:57.2,57.24 1 0
github.com/ff3300/aleph-v2/internal/api/proto/aleph/v1/notification.pb.go:61.57,63.2 1 0
github.com/ff3300/aleph-v2/internal/api/proto/aleph/v1/notification.pb.go:65.46,66.14 1 0
github.com/ff3300/aleph-v2/internal/api/proto/aleph/v1/notification.pb.go:66.14,68.3 1 0
github.com/ff3300/aleph-v2/internal/api/proto/aleph/v1/notification.pb.go:69.2,69.11 1 0
github.com/ff3300/aleph-v2/internal/api/proto/aleph/v1/notification.pb.go:72.54,73.14 1 0
github.com/ff3300/aleph-v2/internal/api/proto/aleph/v1/notification.pb.go:73.14,75.3 1 0
github.com/ff3300/aleph-v2/internal/api/proto/aleph/v1/notification.pb.go:76.2,76.11 1 0
github.com/ff3300/aleph-v2/internal/api/proto/aleph/v1/notification.pb.go:79.49,80.14 1 0
github.com/ff3300/aleph-v2/internal/api/proto/aleph/v1/notification.pb.go:80.14,82.3 1 0
github.com/ff3300/aleph-v2/internal/api/proto/aleph/v1/notification.pb.go:83.2,83.11 1 0
github.com/ff3300/aleph-v2/internal/api/proto/aleph/v1/notification.pb.go:95.39,97.29 2 0
github.com/ff3300/aleph-v2/internal/api/proto/aleph/v1/notification.pb.go:97.29,101.3 3 0
github.com/ff3300/aleph-v2/internal/api/proto/aleph/v1/notification.pb.go:104.47,106.2 1 0
github.com/ff3300/aleph-v2/internal/api/proto/aleph/v1/notification.pb.go:108.45,108.46 0 0
github.com/ff3300/aleph-v2/internal/api/proto/aleph/v1/notification.pb.go:110.67,112.41 2 0
github.com/ff3300/aleph-v2/internal/api/proto/aleph/v1/notification.pb.go:112.41,114.34 2 0
github.com/ff3300/aleph-v2/internal/api/proto/aleph/v1/notification.pb.go:114.34,116.4 1 0
github.com/ff3300/aleph-v2/internal/api/proto/aleph/v1/notification.pb.go:117.3,117.12 1 0
github.com/ff3300/aleph-v2/internal/api/proto/aleph/v1/notification.pb.go:119.2,119.24 1 0
github.com/ff3300/aleph-v2/internal/api/proto/aleph/v1/notification.pb.go:123.58,125.2 1 0
github.com/ff3300/aleph-v2/internal/api/proto/aleph/v1/notification.pb.go:127.49,128.14 1 0
github.com/ff3300/aleph-v2/internal/api/proto/aleph/v1/notification.pb.go:128.14,130.3 1 0
github.com/ff3300/aleph-v2/internal/api/proto/aleph/v1/notification.pb.go:131.2,131.14 1 0
github.com/ff3300/aleph-v2/internal/api/proto/aleph/v1/notification.pb.go:134.49,135.14 1 0
github.com/ff3300/aleph-v2/internal/api/proto/aleph/v1/notification.pb.go:135.14,137.3 1 0
github.com/ff3300/aleph-v2/internal/api/proto/aleph/v1/notification.pb.go:138.2,138.11 1 0
github.com/ff3300/aleph-v2/internal/api/proto/aleph/v1/notification.pb.go:149.39,151.29 2 0
github.com/ff3300/aleph-v2/internal/api/proto/aleph/v1/notification.pb.go:151.29,155.3 3 0
github.com/ff3300/aleph-v2/internal/api/proto/aleph/v1/notification.pb.go:158.47,160.2 1 0
github.com/ff3300/aleph-v2/internal/api/proto/aleph/v1/notification.pb.go:162.45,162.46 0 0
github.com/ff3300/aleph-v2/internal/api/proto/aleph/v1/notification.pb.go:164.67,166.41 2 0
github.com/ff3300/aleph-v2/internal/api/proto/aleph/v1/notification.pb.go:166.41,168.34 2 0
github.com/ff3300/aleph-v2/internal/api/proto/aleph/v1/notification.pb.go:168.34,170.4 1 0
github.com/ff3300/aleph-v2/internal/api/proto/aleph/v1/notification.pb.go:171.3,171.12 1 0
github.com/ff3300/aleph-v2/internal/api/proto/aleph/v1/notification.pb.go:173.2,173.24 1 0
github.com/ff3300/aleph-v2/internal/api/proto/aleph/v1/notification.pb.go:177.58,179.2 1 0
github.com/ff3300/aleph-v2/internal/api/proto/aleph/v1/notification.pb.go:181.53,182.14 1 0
github.com/ff3300/aleph-v2/internal/api/proto/aleph/v1/notification.pb.go:182.14,184.3 1 0
github.com/ff3300/aleph-v2/internal/api/proto/aleph/v1/notification.pb.go:185.2,185.11 1 0
github.com/ff3300/aleph-v2/internal/api/proto/aleph/v1/notification.pb.go:196.40,198.29 2 0
github.com/ff3300/aleph-v2/internal/api/proto/aleph/v1/notification.pb.go:198.29,202.3 3 0
github.com/ff3300/aleph-v2/internal/api/proto/aleph/v1/notification.pb.go:205.48,207.2 1 0
github.com/ff3300/aleph-v2/internal/api/proto/aleph/v1/notification.pb.go:209.46,209.47 0 0
github.com/ff3300/aleph-v2/internal/api/proto/aleph/v1/notification.pb.go:211.68,213.41 2 0
github.com/ff3300/aleph-v2/internal/api/proto/aleph/v1/notification.pb.go:213.41,215.34 2 0
github.com/ff3300/aleph-v2/internal/api/proto/aleph/v1/notification.pb.go:215.34,217.4 1 0
github.com/ff3300/aleph-v2/internal/api/proto/aleph/v1/notification.pb.go:218.3,218.12 1 0
github.com/ff3300/aleph-v2/internal/api/proto/aleph/v1/notification.pb.go:220.2,220.24 1 0
github.com/ff3300/aleph-v2/internal/api/proto/aleph/v1/notification.pb.go:224.59,226.2 1 0
github.com/ff3300/aleph-v2/internal/api/proto/aleph/v1/notification.pb.go:228.69,229.14 1 0
github.com/ff3300/aleph-v2/internal/api/proto/aleph/v1/notification.pb.go:229.14,231.3 1 0
github.com/ff3300/aleph-v2/internal/api/proto/aleph/v1/notification.pb.go:232.2,232.12 1 0
github.com/ff3300/aleph-v2/internal/api/proto/aleph/v1/notification.pb.go:246.39,248.29 2 0
github.com/ff3300/aleph-v2/internal/api/proto/aleph/v1/notification.pb.go:248.29,252.3 3 0
github.com/ff3300/aleph-v2/internal/api/proto/aleph/v1/notification.pb.go:255.47,257.2 1 0
github.com/ff3300/aleph-v2/internal/api/proto/aleph/v1/notification.pb.go:259.45,259.46 0 0
github.com/ff3300/aleph-v2/internal/api/proto/aleph/v1/notification.pb.go:261.67,263.41 2 0
github.com/ff3300/aleph-v2/internal/api/proto/aleph/v1/notification.pb.go:263.41,265.34 2 0
github.com/ff3300/aleph-v2/internal/api/proto/aleph/v1/notification.pb.go:265.34,267.4 1 0
github.com/ff3300/aleph-v2/internal/api/proto/aleph/v1/notification.pb.go:268.3,268.12 1 0
github.com/ff3300/aleph-v2/internal/api/proto/aleph/v1/notification.pb.go:270.2,270.24 1 0
github.com/ff3300/aleph-v2/internal/api/proto/aleph/v1/notification.pb.go:274.58,276.2 1 0
github.com/ff3300/aleph-v2/internal/api/proto/aleph/v1/notification.pb.go:278.46,279.14 1 0
github.com/ff3300/aleph-v2/internal/api/proto/aleph/v1/notification.pb.go:279.14,281.3 1 0
github.com/ff3300/aleph-v2/internal/api/proto/aleph/v1/notification.pb.go:282.2,282.11 1 0
github.com/ff3300/aleph-v2/internal/api/proto/aleph/v1/notification.pb.go:285.48,286.14 1 0
github.com/ff3300/aleph-v2/internal/api/proto/aleph/v1/notification.pb.go:286.14,288.3 1 0
github.com/ff3300/aleph-v2/internal/api/proto/aleph/v1/notification.pb.go:289.2,289.11 1 0
github.com/ff3300/aleph-v2/internal/api/proto/aleph/v1/notification.pb.go:292.48,293.14 1 0
github.com/ff3300/aleph-v2/internal/api/proto/aleph/v1/notification.pb.go:293.14,295.3 1 0
github.com/ff3300/aleph-v2/internal/api/proto/aleph/v1/notification.pb.go:296.2,296.11 1 0
github.com/ff3300/aleph-v2/internal/api/proto/aleph/v1/notification.pb.go:299.54,300.14 1 0
github.com/ff3300/aleph-v2/internal/api/proto/aleph/v1/notification.pb.go:300.14,302.3 1 0
github.com/ff3300/aleph-v2/internal/api/proto/aleph/v1/notification.pb.go:303.2,303.11 1 0
github.com/ff3300/aleph-v2/internal/api/proto/aleph/v1/notification.pb.go:360.60,361.57 1 0
github.com/ff3300/aleph-v2/internal/api/proto/aleph/v1/notification.pb.go:361.57,363.3 1 0
github.com/ff3300/aleph-v2/internal/api/proto/aleph/v1/notification.pb.go:364.2,364.53 1 0
github.com/ff3300/aleph-v2/internal/api/proto/aleph/v1/notification.pb.go:388.13,388.56 1 0
github.com/ff3300/aleph-v2/internal/api/proto/aleph/v1/notification.pb.go:389.46,390.45 1 0
github.com/ff3300/aleph-v2/internal/api/proto/aleph/v1/notification.pb.go:390.45,392.3 1 0
github.com/ff3300/aleph-v2/internal/api/proto/aleph/v1/notification.pb.go:393.2,393.30 1 0
github.com/ff3300/aleph-v2/internal/api/proto/aleph/v1/notification.pb.go:393.30,394.82 1 0
github.com/ff3300/aleph-v2/internal/api/proto/aleph/v1/notification.pb.go:394.82,395.43 1 0
github.com/ff3300/aleph-v2/internal/api/proto/aleph/v1/notification.pb.go:396.11,397.20 1 0
github.com/ff3300/aleph-v2/internal/api/proto/aleph/v1/notification.pb.go:398.11,399.24 1 0
github.com/ff3300/aleph-v2/internal/api/proto/aleph/v1/notification.pb.go:400.11,401.28 1 0
github.com/ff3300/aleph-v2/internal/api/proto/aleph/v1/notification.pb.go:402.12,403.15 1 0
github.com/ff3300/aleph-v2/internal/api/proto/aleph/v1/notification.pb.go:406.3,406.82 1 0
github.com/ff3300/aleph-v2/internal/api/proto/aleph/v1/notification.pb.go:406.82,407.44 1 0
github.com/ff3300/aleph-v2/internal/api/proto/aleph/v1/notification.pb.go:408.11,409.20 1 0
github.com/ff3300/aleph-v2/internal/api/proto/aleph/v1/notification.pb.go:410.11,411.24 1 0
github.com/ff3300/aleph-v2/internal/api/proto/aleph/v1/notification.pb.go:412.11,413.28 1 0
github.com/ff3300/aleph-v2/internal/api/proto/aleph/v1/notification.pb.go:414.12,415.15 1 0
github.com/ff3300/aleph-v2/internal/api/proto/aleph/v1/notification.pb.go:418.3,418.82 1 0
github.com/ff3300/aleph-v2/internal/api/proto/aleph/v1/notification.pb.go:418.82,419.44 1 0
github.com/ff3300/aleph-v2/internal/api/proto/aleph/v1/notification.pb.go:420.11,421.20 1 0
github.com/ff3300/aleph-v2/internal/api/proto/aleph/v1/notification.pb.go:422.11,423.24 1 0
github.com/ff3300/aleph-v2/internal/api/proto/aleph/v1/notification.pb.go:424.11,425.28 1 0
github.com/ff3300/aleph-v2/internal/api/proto/aleph/v1/notification.pb.go:426.12,427.15 1 0
github.com/ff3300/aleph-v2/internal/api/proto/aleph/v1/notification.pb.go:430.3,430.82 1 0
github.com/ff3300/aleph-v2/internal/api/proto/aleph/v1/notification.pb.go:430.82,431.45 1 0
github.com/ff3300/aleph-v2/internal/api/proto/aleph/v1/notification.pb.go:432.11,433.20 1 0
github.com/ff3300/aleph-v2/internal/api/proto/aleph/v1/notification.pb.go:434.11,435.24 1 0
github.com/ff3300/aleph-v2/internal/api/proto/aleph/v1/notification.pb.go:436.11,437.28 1 0
github.com/ff3300/aleph-v2/internal/api/proto/aleph/v1/notification.pb.go:438.12,439.15 1 0
github.com/ff3300/aleph-v2/internal/api/proto/aleph/v1/notification.pb.go:442.3,442.82 1 0
github.com/ff3300/aleph-v2/internal/api/proto/aleph/v1/notification.pb.go:442.82,443.44 1 0
github.com/ff3300/aleph-v2/internal/api/proto/aleph/v1/notification.pb.go:444.11,445.20 1 0
github.com/ff3300/aleph-v2/internal/api/proto/aleph/v1/notification.pb.go:446.11,447.24 1 0
github.com/ff3300/aleph-v2/internal/api/proto/aleph/v1/notification.pb.go:448.11,449.28 1 0
github.com/ff3300/aleph-v2/internal/api/proto/aleph/v1/notification.pb.go:450.12,451.15 1 0
github.com/ff3300/aleph-v2/internal/api/proto/aleph/v1/notification.pb.go:455.2,472.48 6 0
github.com/ff3300/aleph-v2/internal/api/proto/aleph/v1/query.pb.go:32.40,34.29 2 0
github.com/ff3300/aleph-v2/internal/api/proto/aleph/v1/query.pb.go:34.29,38.3 3 0
github.com/ff3300/aleph-v2/internal/api/proto/aleph/v1/query.pb.go:41.48,43.2 1 0
github.com/ff3300/aleph-v2/internal/api/proto/aleph/v1/query.pb.go:45.46,45.47 0 0
github.com/ff3300/aleph-v2/internal/api/proto/aleph/v1/query.pb.go:47.68,49.41 2 0
github.com/ff3300/aleph-v2/internal/api/proto/aleph/v1/query.pb.go:49.41,51.34 2 0
github.com/ff3300/aleph-v2/internal/api/proto/aleph/v1/query.pb.go:51.34,53.4 1 0
github.com/ff3300/aleph-v2/internal/api/proto/aleph/v1/query.pb.go:54.3,54.12 1 0
github.com/ff3300/aleph-v2/internal/api/proto/aleph/v1/query.pb.go:56.2,56.24 1 0
github.com/ff3300/aleph-v2/internal/api/proto/aleph/v1/query.pb.go:60.59,62.2 1 0
github.com/ff3300/aleph-v2/internal/api/proto/aleph/v1/query.pb.go:64.47,65.14 1 0
github.com/ff3300/aleph-v2/internal/api/proto/aleph/v1/query.pb.go:65.14,67.3 1 0
github.com/ff3300/aleph-v2/internal/api/proto/aleph/v1/query.pb.go:68.2,68.11 1 0
github.com/ff3300/aleph-v2/internal/api/proto/aleph/v1/query.pb.go:79.41,81.29 2 0
github.com/ff3300/aleph-v2/internal/api/proto/aleph/v1/query.pb.go:81.29,85.3 3 0
github.com/ff3300/aleph-v2/internal/api/proto/aleph/v1/query.pb.go:88.49,90.2 1 0
github.com/ff3300/aleph-v2/internal/api/proto/aleph/v1/query.pb.go:92.47,92.48 0 0
github.com/ff3300/aleph-v2/internal/api/proto/aleph/v1/query.pb.go:94.69,96.41 2 0
github.com/ff3300/aleph-v2/internal/api/proto/aleph/v1/query.pb.go:96.41,98.34 2 0
github.com/ff3300/aleph-v2/internal/api/proto/aleph/v1/query.pb.go:98.34,100.4 1 0
github.com/ff3300/aleph-v2/internal/api/proto/aleph/v1/query.pb.go:101.3,101.12 1 0
github.com/ff3300/aleph-v2/internal/api/proto/aleph/v1/query.pb.go:103.2,103.24 1 0
github.com/ff3300/aleph-v2/internal/api/proto/aleph/v1/query.pb.go:107.60,109.2 1 0
github.com/ff3300/aleph-v2/internal/api/proto/aleph/v1/query.pb.go:111.51,112.14 1 0
github.com/ff3300/aleph-v2/internal/api/proto/aleph/v1/query.pb.go:112.14,114.3 1 0
github.com/ff3300/aleph-v2/internal/api/proto/aleph/v1/query.pb.go:115.2,115.14 1 0
github.com/ff3300/aleph-v2/internal/api/proto/aleph/v1/query.pb.go:127.38,129.29 2 0
github.com/ff3300/aleph-v2/internal/api/proto/aleph/v1/query.pb.go:129.29,133.3 3 0
github.com/ff3300/aleph-v2/internal/api/proto/aleph/v1/query.pb.go:136.46,138.2 1 0
github.com/ff3300/aleph-v2/internal/api/proto/aleph/v1/query.pb.go:140.44,140.45 0 0
github.com/ff3300/aleph-v2/internal/api/proto/aleph/v1/query.pb.go:142.66,144.41 2 0
github.com/ff3300/aleph-v2/internal/api/proto/aleph/v1/query.pb.go:144.41,146.34 2 0
github.com/ff3300/aleph-v2/internal/api/proto/aleph/v1/query.pb.go:146.34,148.4 1 0
github.com/ff3300/aleph-v2/internal/api/proto/aleph/v1/query.pb.go:149.3,149.12 1 0
github.com/ff3300/aleph-v2/internal/api/proto/aleph/v1/query.pb.go:151.2,151.24 1 0
github.com/ff3300/aleph-v2/internal/api/proto/aleph/v1/query.pb.go:155.57,157.2 1 0
github.com/ff3300/aleph-v2/internal/api/proto/aleph/v1/query.pb.go:159.52,160.14 1 0
github.com/ff3300/aleph-v2/internal/api/proto/aleph/v1/query.pb.go:160.14,162.3 1 0
github.com/ff3300/aleph-v2/internal/api/proto/aleph/v1/query.pb.go:163.2,163.11 1 0
github.com/ff3300/aleph-v2/internal/api/proto/aleph/v1/query.pb.go:166.45,167.14 1 0
github.com/ff3300/aleph-v2/internal/api/proto/aleph/v1/query.pb.go:167.14,169.3 1 0
github.com/ff3300/aleph-v2/internal/api/proto/aleph/v1/query.pb.go:170.2,170.11 1 0
github.com/ff3300/aleph-v2/internal/api/proto/aleph/v1/query.pb.go:181.39,183.29 2 0
github.com/ff3300/aleph-v2/internal/api/proto/aleph/v1/query.pb.go:183.29,187.3 3 0
github.com/ff3300/aleph-v2/internal/api/proto/aleph/v1/query.pb.go:190.47,192.2 1 0
github.com/ff3300/aleph-v2/internal/api/proto/aleph/v1/query.pb.go:194.45,194.46 0 0
github.com/ff3300/aleph-v2/internal/api/proto/aleph/v1/query.pb.go:196.67,198.41 2 0
github.com/ff3300/aleph-v2/internal/api/proto/aleph/v1/query.pb.go:198.41,200.34 2 0
github.com/ff3300/aleph-v2/internal/api/proto/aleph/v1/query.pb.go:200.34,202.4 1 0
github.com/ff3300/aleph-v2/internal/api/proto/aleph/v1/query.pb.go:203.3,203.12 1 0
github.com/ff3300/aleph-v2/internal/api/proto/aleph/v1/query.pb.go:205.2,205.24 1 0
github.com/ff3300/aleph-v2/internal/api/proto/aleph/v1/query.pb.go:209.58,211.2 1 0
github.com/ff3300/aleph-v2/internal/api/proto/aleph/v1/query.pb.go:213.49,214.14 1 0
github.com/ff3300/aleph-v2/internal/api/proto/aleph/v1/query.pb.go:214.14,216.3 1 0
github.com/ff3300/aleph-v2/internal/api/proto/aleph/v1/query.pb.go:217.2,217.14 1 0
github.com/ff3300/aleph-v2/internal/api/proto/aleph/v1/query.pb.go:229.37,231.29 2 0
github.com/ff3300/aleph-v2/internal/api/proto/aleph/v1/query.pb.go:231.29,235.3 3 0
github.com/ff3300/aleph-v2/internal/api/proto/aleph/v1/query.pb.go:238.45,240.2 1 0
github.com/ff3300/aleph-v2/internal/api/proto/aleph/v1/query.pb.go:242.43,242.44 0 0
github.com/ff3300/aleph-v2/internal/api/proto/aleph/v1/query.pb.go:244.65,246.41 2 0
github.com/ff3300/aleph-v2/internal/api/proto/aleph/v1/query.pb.go:246.41,248.34 2 0
github.com/ff3300/aleph-v2/internal/api/proto/aleph/v1/query.pb.go:248.34,250.4 1 0
github.com/ff3300/aleph-v2/internal/api/proto/aleph/v1/query.pb.go:251.3,251.12 1 0
github.com/ff3300/aleph-v2/internal/api/proto/aleph/v1/query.pb.go:253.2,253.24 1 0
github.com/ff3300/aleph-v2/internal/api/proto/aleph/v1/query.pb.go:257.56,259.2 1 0
github.com/ff3300/aleph-v2/internal/api/proto/aleph/v1/query.pb.go:261.51,262.14 1 0
github.com/ff3300/aleph-v2/internal/api/proto/aleph/v1/query.pb.go:262.14,264.3 1 0
github.com/ff3300/aleph-v2/internal/api/proto/aleph/v1/query.pb.go:265.2,265.11 1 0
github.com/ff3300/aleph-v2/internal/api/proto/aleph/v1/query.pb.go:268.44,269.14 1 0
github.com/ff3300/aleph-v2/internal/api/proto/aleph/v1/query.pb.go:269.14,271.3 1 0
github.com/ff3300/aleph-v2/internal/api/proto/aleph/v1/query.pb.go:272.2,272.11 1 0
github.com/ff3300/aleph-v2/internal/api/proto/aleph/v1/query.pb.go:283.38,285.29 2 0
github.com/ff3300/aleph-v2/internal/api/proto/aleph/v1/query.pb.go:285.29,289.3 3 0
github.com/ff3300/aleph-v2/internal/api/proto/aleph/v1/query.pb.go:292.46,294.2 1 0
github.com/ff3300/aleph-v2/internal/api/proto/aleph/v1/query.pb.go:296.44,296.45 0 0
github.com/ff3300/aleph-v2/internal/api/proto/aleph/v1/query.pb.go:298.66,300.41 2 0
github.com/ff3300/aleph-v2/internal/api/proto/aleph/v1/query.pb.go:300.41,302.34 2 0
github.com/ff3300/aleph-v2/internal/api/proto/aleph/v1/query.pb.go:302.34,304.4 1 0
github.com/ff3300/aleph-v2/internal/api/proto/aleph/v1/query.pb.go:305.3,305.12 1 0
github.com/ff3300/aleph-v2/internal/api/proto/aleph/v1/query.pb.go:307.2,307.24 1 0
github.com/ff3300/aleph-v2/internal/api/proto/aleph/v1/query.pb.go:311.57,313.2 1 0
github.com/ff3300/aleph-v2/internal/api/proto/aleph/v1/query.pb.go:315.48,316.14 1 0
github.com/ff3300/aleph-v2/internal/api/proto/aleph/v1/query.pb.go:316.14,318.3 1 0
github.com/ff3300/aleph-v2/internal/api/proto/aleph/v1/query.pb.go:319.2,319.14 1 0
github.com/ff3300/aleph-v2/internal/api/proto/aleph/v1/query.pb.go:331.38,333.29 2 0
github.com/ff3300/aleph-v2/internal/api/proto/aleph/v1/query.pb.go:333.29,337.3 3 0
github.com/ff3300/aleph-v2/internal/api/proto/aleph/v1/query.pb.go:340.46,342.2 1 0
github.com/ff3300/aleph-v2/internal/api/proto/aleph/v1/query.pb.go:344.44,344.45 0 0
github.com/ff3300/aleph-v2/internal/api/proto/aleph/v1/query.pb.go:346.66,348.41 2 0
github.com/ff3300/aleph-v2/internal/api/proto/aleph/v1/query.pb.go:348.41,350.34 2 0
github.com/ff3300/aleph-v2/internal/api/proto/aleph/v1/query.pb.go:350.34,352.4 1 0
github.com/ff3300/aleph-v2/internal/api/proto/aleph/v1/query.pb.go:353.3,353.12 1 0
github.com/ff3300/aleph-v2/internal/api/proto/aleph/v1/query.pb.go:355.2,355.24 1 0
github.com/ff3300/aleph-v2/internal/api/proto/aleph/v1/query.pb.go:359.57,361.2 1 0
github.com/ff3300/aleph-v2/internal/api/proto/aleph/v1/query.pb.go:363.52,364.14 1 0
github.com/ff3300/aleph-v2/internal/api/proto/aleph/v1/query.pb.go:364.14,366.3 1 0
github.com/ff3300/aleph-v2/internal/api/proto/aleph/v1/query.pb.go:367.2,367.11 1 0
github.com/ff3300/aleph-v2/internal/api/proto/aleph/v1/query.pb.go:370.45,371.14 1 0
github.com/ff3300/aleph-v2/internal/api/proto/aleph/v1/query.pb.go:371.14,373.3 1 0
github.com/ff3300/aleph-v2/internal/api/proto/aleph/v1/query.pb.go:374.2,374.11 1 0
github.com/ff3300/aleph-v2/internal/api/proto/aleph/v1/query.pb.go:385.39,387.29 2 0
github.com/ff3300/aleph-v2/internal/api/proto/aleph/v1/query.pb.go:387.29,391.3 3 0
github.com/ff3300/aleph-v2/internal/api/proto/aleph/v1/query.pb.go:394.47,396.2 1 0
github.com/ff3300/aleph-v2/internal/api/proto/aleph/v1/query.pb.go:398.45,398.46 0 0
github.com/ff3300/aleph-v2/internal/api/proto/aleph/v1/query.pb.go:400.67,402.41 2 0
github.com/ff3300/aleph-v2/internal/api/proto/aleph/v1/query.pb.go:402.41,404.34 2 0
github.com/ff3300/aleph-v2/internal/api/proto/aleph/v1/query.pb.go:404.34,406.4 1 0
github.com/ff3300/aleph-v2/internal/api/proto/aleph/v1/query.pb.go:407.3,407.12 1 0
github.com/ff3300/aleph-v2/internal/api/proto/aleph/v1/query.pb.go:409.2,409.24 1 0
github.com/ff3300/aleph-v2/internal/api/proto/aleph/v1/query.pb.go:413.58,415.2 1 0
github.com/ff3300/aleph-v2/internal/api/proto/aleph/v1/query.pb.go:417.49,418.14 1 0
github.com/ff3300/aleph-v2/internal/api/proto/aleph/v1/query.pb.go:418.14,420.3 1 0
github.com/ff3300/aleph-v2/internal/api/proto/aleph/v1/query.pb.go:421.2,421.14 1 0
github.com/ff3300/aleph-v2/internal/api/proto/aleph/v1/query.pb.go:433.37,435.29 2 0
github.com/ff3300/aleph-v2/internal/api/proto/aleph/v1/query.pb.go:435.29,439.3 3 0
github.com/ff3300/aleph-v2/internal/api/proto/aleph/v1/query.pb.go:442.45,444.2 1 0
github.com/ff3300/aleph-v2/internal/api/proto/aleph/v1/query.pb.go:446.43,446.44 0 0
github.com/ff3300/aleph-v2/internal/api/proto/aleph/v1/query.pb.go:448.65,450.41 2 0
github.com/ff3300/aleph-v2/internal/api/proto/aleph/v1/query.pb.go:450.41,452.34 2 0
github.com/ff3300/aleph-v2/internal/api/proto/aleph/v1/query.pb.go:452.34,454.4 1 0
github.com/ff3300/aleph-v2/internal/api/proto/aleph/v1/query.pb.go:455.3,455.12 1 0
github.com/ff3300/aleph-v2/internal/api/proto/aleph/v1/query.pb.go:457.2,457.24 1 0
github.com/ff3300/aleph-v2/internal/api/proto/aleph/v1/query.pb.go:461.56,463.2 1 0
github.com/ff3300/aleph-v2/internal/api/proto/aleph/v1/query.pb.go:465.51,466.14 1 0
github.com/ff3300/aleph-v2/internal/api/proto/aleph/v1/query.pb.go:466.14,468.3 1 0
github.com/ff3300/aleph-v2/internal/api/proto/aleph/v1/query.pb.go:469.2,469.11 1 0
github.com/ff3300/aleph-v2/internal/api/proto/aleph/v1/query.pb.go:472.44,473.14 1 0
github.com/ff3300/aleph-v2/internal/api/proto/aleph/v1/query.pb.go:473.14,475.3 1 0
github.com/ff3300/aleph-v2/internal/api/proto/aleph/v1/query.pb.go:476.2,476.11 1 0
github.com/ff3300/aleph-v2/internal/api/proto/aleph/v1/query.pb.go:487.38,489.29 2 0
github.com/ff3300/aleph-v2/internal/api/proto/aleph/v1/query.pb.go:489.29,493.3 3 0
github.com/ff3300/aleph-v2/internal/api/proto/aleph/v1/query.pb.go:496.46,498.2 1 0
github.com/ff3300/aleph-v2/internal/api/proto/aleph/v1/query.pb.go:500.44,500.45 0 0
github.com/ff3300/aleph-v2/internal/api/proto/aleph/v1/query.pb.go:502.66,504.41 2 0
github.com/ff3300/aleph-v2/internal/api/proto/aleph/v1/query.pb.go:504.41,506.34 2 0
github.com/ff3300/aleph-v2/internal/api/proto/aleph/v1/query.pb.go:506.34,508.4 1 0
github.com/ff3300/aleph-v2/internal/api/proto/aleph/v1/query.pb.go:509.3,509.12 1 0
github.com/ff3300/aleph-v2/internal/api/proto/aleph/v1/query.pb.go:511.2,511.24 1 0
github.com/ff3300/aleph-v2/internal/api/proto/aleph/v1/query.pb.go:515.57,517.2 1 0
github.com/ff3300/aleph-v2/internal/api/proto/aleph/v1/query.pb.go:519.48,520.14 1 0
github.com/ff3300/aleph-v2/internal/api/proto/aleph/v1/query.pb.go:520.14,522.3 1 0
github.com/ff3300/aleph-v2/internal/api/proto/aleph/v1/query.pb.go:523.2,523.14 1 0
github.com/ff3300/aleph-v2/internal/api/proto/aleph/v1/query.pb.go:535.38,537.29 2 0
github.com/ff3300/aleph-v2/internal/api/proto/aleph/v1/query.pb.go:537.29,541.3 3 0
github.com/ff3300/aleph-v2/internal/api/proto/aleph/v1/query.pb.go:544.46,546.2 1 0
github.com/ff3300/aleph-v2/internal/api/proto/aleph/v1/query.pb.go:548.44,548.45 0 0
github.com/ff3300/aleph-v2/internal/api/proto/aleph/v1/query.pb.go:550.66,552.41 2 0
github.com/ff3300/aleph-v2/internal/api/proto/aleph/v1/query.pb.go:552.41,554.34 2 0
github.com/ff3300/aleph-v2/internal/api/proto/aleph/v1/query.pb.go:554.34,556.4 1 0
github.com/ff3300/aleph-v2/internal/api/proto/aleph/v1/query.pb.go:557.3,557.12 1 0
github.com/ff3300/aleph-v2/internal/api/proto/aleph/v1/query.pb.go:559.2,559.24 1 0
github.com/ff3300/aleph-v2/internal/api/proto/aleph/v1/query.pb.go:563.57,565.2 1 0
github.com/ff3300/aleph-v2/internal/api/proto/aleph/v1/query.pb.go:567.52,568.14 1 0
github.com/ff3300/aleph-v2/internal/api/proto/aleph/v1/query.pb.go:568.14,570.3 1 0
github.com/ff3300/aleph-v2/internal/api/proto/aleph/v1/query.pb.go:571.2,571.11 1 0
github.com/ff3300/aleph-v2/internal/api/proto/aleph/v1/query.pb.go:574.45,575.14 1 0
github.com/ff3300/aleph-v2/internal/api/proto/aleph/v1/query.pb.go:575.14,577.3 1 0
github.com/ff3300/aleph-v2/internal/api/proto/aleph/v1/query.pb.go:578.2,578.11 1 0
github.com/ff3300/aleph-v2/internal/api/proto/aleph/v1/query.pb.go:589.39,591.29 2 0
github.com/ff3300/aleph-v2/internal/api/proto/aleph/v1/query.pb.go:591.29,595.3 3 0
github.com/ff3300/aleph-v2/internal/api/proto/aleph/v1/query.pb.go:598.47,600.2 1 0
github.com/ff3300/aleph-v2/internal/api/proto/aleph/v1/query.pb.go:602.45,602.46 0 0
github.com/ff3300/aleph-v2/internal/api/proto/aleph/v1/query.pb.go:604.67,606.41 2 0
github.com/ff3300/aleph-v2/internal/api/proto/aleph/v1/query.pb.go:606.41,608.34 2 0
github.com/ff3300/aleph-v2/internal/api/proto/aleph/v1/query.pb.go:608.34,610.4 1 0
github.com/ff3300/aleph-v2/internal/api/proto/aleph/v1/query.pb.go:611.3,611.12 1 0
github.com/ff3300/aleph-v2/internal/api/proto/aleph/v1/query.pb.go:613.2,613.24 1 0
github.com/ff3300/aleph-v2/internal/api/proto/aleph/v1/query.pb.go:617.58,619.2 1 0
github.com/ff3300/aleph-v2/internal/api/proto/aleph/v1/query.pb.go:621.49,622.14 1 0
github.com/ff3300/aleph-v2/internal/api/proto/aleph/v1/query.pb.go:622.14,624.3 1 0
github.com/ff3300/aleph-v2/internal/api/proto/aleph/v1/query.pb.go:625.2,625.14 1 0
github.com/ff3300/aleph-v2/internal/api/proto/aleph/v1/query.pb.go:637.39,639.29 2 0
github.com/ff3300/aleph-v2/internal/api/proto/aleph/v1/query.pb.go:639.29,643.3 3 0
github.com/ff3300/aleph-v2/internal/api/proto/aleph/v1/query.pb.go:646.47,648.2 1 0
github.com/ff3300/aleph-v2/internal/api/proto/aleph/v1/query.pb.go:650.45,650.46 0 0
github.com/ff3300/aleph-v2/internal/api/proto/aleph/v1/query.pb.go:652.67,654.41 2 0
github.com/ff3300/aleph-v2/internal/api/proto/aleph/v1/query.pb.go:654.41,656.34 2 0
github.com/ff3300/aleph-v2/internal/api/proto/aleph/v1/query.pb.go:656.34,658.4 1 0
github.com/ff3300/aleph-v2/internal/api/proto/aleph/v1/query.pb.go:659.3,659.12 1 0
github.com/ff3300/aleph-v2/internal/api/proto/aleph/v1/query.pb.go:661.2,661.24 1 0
github.com/ff3300/aleph-v2/internal/api/proto/aleph/v1/query.pb.go:665.58,667.2 1 0
github.com/ff3300/aleph-v2/internal/api/proto/aleph/v1/query.pb.go:669.53,670.14 1 0
github.com/ff3300/aleph-v2/internal/api/proto/aleph/v1/query.pb.go:670.14,672.3 1 0
github.com/ff3300/aleph-v2/internal/api/proto/aleph/v1/query.pb.go:673.2,673.11 1 0
github.com/ff3300/aleph-v2/internal/api/proto/aleph/v1/query.pb.go:676.46,677.14 1 0
github.com/ff3300/aleph-v2/internal/api/proto/aleph/v1/query.pb.go:677.14,679.3 1 0
github.com/ff3300/aleph-v2/internal/api/proto/aleph/v1/query.pb.go:680.2,680.11 1 0
github.com/ff3300/aleph-v2/internal/api/proto/aleph/v1/query.pb.go:691.40,693.29 2 0
[...]
github.com/ff3300/aleph-v2/internal/api/proto/aleph/v1/sandbox.pb.go:450.77,451.44 1 0
github.com/ff3300/aleph-v2/internal/api/proto/aleph/v1/sandbox.pb.go:452.11,453.20 1 0
github.com/ff3300/aleph-v2/internal/api/proto/aleph/v1/sandbox.pb.go:454.11,455.24 1 0
github.com/ff3300/aleph-v2/internal/api/proto/aleph/v1/sandbox.pb.go:456.11,457.28 1 0
github.com/ff3300/aleph-v2/internal/api/proto/aleph/v1/sandbox.pb.go:458.12,459.15 1 0
github.com/ff3300/aleph-v2/internal/api/proto/aleph/v1/sandbox.pb.go:462.3,462.77 1 0
github.com/ff3300/aleph-v2/internal/api/proto/aleph/v1/sandbox.pb.go:462.77,463.40 1 0
github.com/ff3300/aleph-v2/internal/api/proto/aleph/v1/sandbox.pb.go:464.11,465.20 1 0
github.com/ff3300/aleph-v2/internal/api/proto/aleph/v1/sandbox.pb.go:466.11,467.24 1 0
github.com/ff3300/aleph-v2/internal/api/proto/aleph/v1/sandbox.pb.go:468.11,469.28 1 0
github.com/ff3300/aleph-v2/internal/api/proto/aleph/v1/sandbox.pb.go:470.12,471.15 1 0
github.com/ff3300/aleph-v2/internal/api/proto/aleph/v1/sandbox.pb.go:474.3,474.77 1 0
github.com/ff3300/aleph-v2/internal/api/proto/aleph/v1/sandbox.pb.go:474.77,475.41 1 0
github.com/ff3300/aleph-v2/internal/api/proto/aleph/v1/sandbox.pb.go:476.11,477.20 1 0
github.com/ff3300/aleph-v2/internal/api/proto/aleph/v1/sandbox.pb.go:478.11,479.24 1 0
github.com/ff3300/aleph-v2/internal/api/proto/aleph/v1/sandbox.pb.go:480.11,481.28 1 0
github.com/ff3300/aleph-v2/internal/api/proto/aleph/v1/sandbox.pb.go:482.12,483.15 1 0
github.com/ff3300/aleph-v2/internal/api/proto/aleph/v1/sandbox.pb.go:487.2,504.43 6 0
github.com/ff3300/aleph-v2/internal/predict/algedonic_monitor.go:16.57,21.2 1 0
github.com/ff3300/aleph-v2/internal/predict/algedonic_monitor.go:25.73,35.2 6 0
github.com/ff3300/aleph-v2/internal/predict/algedonic_monitor.go:38.52,41.25 3 0
github.com/ff3300/aleph-v2/internal/predict/algedonic_monitor.go:41.25,43.3 1 0
github.com/ff3300/aleph-v2/internal/predict/algedonic_monitor.go:44.2,45.30 2 0
github.com/ff3300/aleph-v2/internal/predict/algedonic_monitor.go:45.30,47.3 1 0
github.com/ff3300/aleph-v2/internal/predict/algedonic_monitor.go:48.2,48.38 1 0
github.com/ff3300/aleph-v2/internal/predict/algedonic_monitor.go:52.72,57.2 4 0
github.com/ff3300/aleph-v2/internal/predict/factor_manager.go:13.40,17.2 1 0
github.com/ff3300/aleph-v2/internal/predict/factor_manager.go:19.67,23.2 3 0
github.com/ff3300/aleph-v2/internal/repository/metadata.go:12.69,14.33 2 0
github.com/ff3300/aleph-v2/internal/repository/metadata.go:14.33,14.52 1 0
github.com/ff3300/aleph-v2/internal/repository/metadata.go:15.2,15.15 1 0
github.com/ff3300/aleph-v2/internal/repository/metadata.go:18.43,59.2 2 0
github.com/ff3300/aleph-v2/internal/repository/metadata.go:69.104,71.16 2 0
github.com/ff3300/aleph-v2/internal/repository/metadata.go:71.16,73.3 1 0
github.com/ff3300/aleph-v2/internal/repository/metadata.go:74.2,77.18 3 0
github.com/ff3300/aleph-v2/internal/repository/metadata.go:77.18,79.89 2 0
github.com/ff3300/aleph-v2/internal/repository/metadata.go:79.89,81.4 1 0
github.com/ff3300/aleph-v2/internal/repository/metadata.go:82.3,82.33 1 0
github.com/ff3300/aleph-v2/internal/repository/metadata.go:84.2,84.22 1 0
github.com/ff3300/aleph-v2/internal/repository/metadata.go:87.97,90.2 2 0
github.com/ff3300/aleph-v2/internal/repository/metadata.go:92.104,98.2 2 0
github.com/ff3300/aleph-v2/internal/repository/metadata.go:107.96,112.16 2 0
github.com/ff3300/aleph-v2/internal/repository/metadata.go:112.16,114.3 1 0
github.com/ff3300/aleph-v2/internal/repository/metadata.go:115.2,117.18 3 0
github.com/ff3300/aleph-v2/internal/repository/metadata.go:117.18,119.83 2 0
github.com/ff3300/aleph-v2/internal/repository/metadata.go:119.83,120.12 1 0
github.com/ff3300/aleph-v2/internal/repository/metadata.go:122.3,122.33 1 0
github.com/ff3300/aleph-v2/internal/repository/metadata.go:124.2,124.22 1 0
github.com/ff3300/aleph-v2/internal/repository/metadata.go:140.93,143.16 3 0
github.com/ff3300/aleph-v2/internal/repository/metadata.go:143.16,144.27 1 0
github.com/ff3300/aleph-v2/internal/repository/metadata.go:144.27,146.4 1 0
github.com/ff3300/aleph-v2/internal/repository/metadata.go:147.3,147.20 1 0
github.com/ff3300/aleph-v2/internal/repository/metadata.go:149.2,149.18 1 0
github.com/ff3300/aleph-v2/internal/repository/metadata.go:152.84,156.16 3 0
github.com/ff3300/aleph-v2/internal/repository/metadata.go:156.16,158.3 1 0
github.com/ff3300/aleph-v2/internal/repository/metadata.go:159.2,160.16 2 0
github.com/ff3300/aleph-v2/internal/repository/metadata.go:163.83,165.16 2 0
github.com/ff3300/aleph-v2/internal/repository/metadata.go:165.16,167.3 1 0
github.com/ff3300/aleph-v2/internal/repository/metadata.go:168.2,170.18 3 0
github.com/ff3300/aleph-v2/internal/repository/metadata.go:170.18,172.131 2 0
github.com/ff3300/aleph-v2/internal/repository/metadata.go:172.131,173.12 1 0
github.com/ff3300/aleph-v2/internal/repository/metadata.go:175.3,176.30 2 0
github.com/ff3300/aleph-v2/internal/repository/metadata.go:178.2,178.20 1 0
github.com/ff3300/aleph-v2/internal/repository/metadata.go:181.64,187.2 2 0
github.com/ff3300/aleph-v2/internal/repository/metadata.go:189.75,192.2 2 0
github.com/ff3300/aleph-v2/internal/repository/metadata.go:194.64,200.2 2 0
github.com/ff3300/aleph-v2/internal/repository/metadata.go:202.73,205.16 3 0
github.com/ff3300/aleph-v2/internal/repository/metadata.go:205.16,207.3 1 0
github.com/ff3300/aleph-v2/internal/repository/metadata.go:208.2,208.18 1 0
github.com/ff3300/aleph-v2/internal/repository/metadata.go:211.78,214.16 3 0
github.com/ff3300/aleph-v2/internal/repository/metadata.go:214.16,216.3 1 0
github.com/ff3300/aleph-v2/internal/repository/metadata.go:217.2,217.25 1 0
github.com/ff3300/aleph-v2/internal/repository/metadata.go:220.95,222.2 1 0
github.com/ff3300/aleph-v2/internal/repository/metadata.go:224.79,227.16 3 0
github.com/ff3300/aleph-v2/internal/repository/metadata.go:227.16,229.3 1 0
github.com/ff3300/aleph-v2/internal/repository/metadata.go:230.2,230.23 1 0
github.com/ff3300/aleph-v2/internal/repository/metadata.go:241.64,243.16 2 0
github.com/ff3300/aleph-v2/internal/repository/metadata.go:243.16,245.3 1 0
github.com/ff3300/aleph-v2/internal/repository/metadata.go:246.2,248.18 3 0
github.com/ff3300/aleph-v2/internal/repository/metadata.go:248.18,250.76 2 0
github.com/ff3300/aleph-v2/internal/repository/metadata.go:250.76,251.12 1 0
github.com/ff3300/aleph-v2/internal/repository/metadata.go:253.3,253.27 1 0
github.com/ff3300/aleph-v2/internal/repository/metadata.go:255.2,255.19 1 0
github.com/ff3300/aleph-v2/internal/repository/metadata.go:258.62,261.2 2 0
github.com/ff3300/aleph-v2/internal/repository/metadata.go:263.58,266.2 2 0
github.com/ff3300/aleph-v2/internal/repository/metadata.go:277.82,279.16 2 0
github.com/ff3300/aleph-v2/internal/repository/metadata.go:279.16,281.3 1 0
github.com/ff3300/aleph-v2/internal/repository/metadata.go:282.2,284.18 3 0
github.com/ff3300/aleph-v2/internal/repository/metadata.go:284.18,286.83 2 0
github.com/ff3300/aleph-v2/internal/repository/metadata.go:286.83,287.12 1 0
github.com/ff3300/aleph-v2/internal/repository/metadata.go:289.3,290.29 2 0
github.com/ff3300/aleph-v2/internal/repository/metadata.go:292.2,292.20 1 0
github.com/ff3300/aleph-v2/internal/repository/metadata.go:295.64,298.2 2 0
github.com/ff3300/aleph-v2/internal/repository/metadata.go:300.70,303.2 2 0
github.com/ff3300/aleph-v2/internal/repository/metadata.go:314.84,316.16 2 0
github.com/ff3300/aleph-v2/internal/repository/metadata.go:316.16,318.3 1 0
github.com/ff3300/aleph-v2/internal/repository/metadata.go:319.2,321.18 3 0
github.com/ff3300/aleph-v2/internal/repository/metadata.go:321.18,323.74 2 0
github.com/ff3300/aleph-v2/internal/repository/metadata.go:323.74,324.12 1 0
github.com/ff3300/aleph-v2/internal/repository/metadata.go:326.3,327.25 2 0
github.com/ff3300/aleph-v2/internal/repository/metadata.go:329.2,329.18 1 0
github.com/ff3300/aleph-v2/internal/repository/metadata.go:332.89,335.2 2 0
github.com/ff3300/aleph-v2/internal/repository/metadata.go:337.71,340.2 2 0
github.com/ff3300/aleph-v2/internal/repository/metadata.go:354.76,357.16 3 0
github.com/ff3300/aleph-v2/internal/repository/metadata.go:357.16,359.3 1 0
github.com/ff3300/aleph-v2/internal/repository/metadata.go:360.2,360.22 1 0
github.com/ff3300/aleph-v2/internal/repository/metadata.go:363.89,365.16 2 0
github.com/ff3300/aleph-v2/internal/repository/metadata.go:365.16,367.3 1 0
github.com/ff3300/aleph-v2/internal/repository/metadata.go:368.2,370.18 3 0
github.com/ff3300/aleph-v2/internal/repository/metadata.go:370.18,372.118 2 0
github.com/ff3300/aleph-v2/internal/repository/metadata.go:372.118,373.12 1 0
github.com/ff3300/aleph-v2/internal/repository/metadata.go:375.3,376.27 2 0
github.com/ff3300/aleph-v2/internal/repository/metadata.go:378.2,378.19 1 0
github.com/ff3300/aleph-v2/internal/repository/metadata.go:381.71,387.2 2 0
github.com/ff3300/aleph-v2/internal/repository/metadata.go:389.87,392.16 3 0
github.com/ff3300/aleph-v2/internal/repository/metadata.go:392.16,394.3 1 0
github.com/ff3300/aleph-v2/internal/repository/metadata.go:395.2,395.16 1 0
github.com/ff3300/aleph-v2/internal/repository/metadata.go:398.69,401.2 2 0
github.com/ff3300/aleph-v2/internal/service/notification/notification.go:25.52,31.25 2 0
github.com/ff3300/aleph-v2/internal/service/notification/notification.go:31.25,33.3 1 0
github.com/ff3300/aleph-v2/internal/service/notification/notification.go:35.2,35.12 1 0
github.com/ff3300/aleph-v2/internal/service/notification/notification.go:38.40,39.26 1 0
github.com/ff3300/aleph-v2/internal/service/notification/notification.go:39.26,41.17 2 0
github.com/ff3300/aleph-v2/internal/service/notification/notification.go:41.17,43.12 2 0
github.com/ff3300/aleph-v2/internal/service/notification/notification.go:46.3,47.17 2 0
github.com/ff3300/aleph-v2/internal/service/notification/notification.go:47.17,49.12 2 0
github.com/ff3300/aleph-v2/internal/service/notification/notification.go:51.3,53.84 2 0
github.com/ff3300/aleph-v2/internal/service/notification/notification.go:57.85,58.51 1 0
github.com/ff3300/aleph-v2/internal/service/notification/notification.go:58.51,60.3 1 0
github.com/ff3300/aleph-v2/internal/service/notification/notification.go:61.2,61.9 1 0
github.com/ff3300/aleph-v2/internal/service/notification/notification.go:62.59,63.13 1 0
github.com/ff3300/aleph-v2/internal/service/notification/notification.go:64.10,66.13 2 0
github.com/ff3300/aleph-v2/internal/service/notification/notification.go:70.46,72.16 2 0
github.com/ff3300/aleph-v2/internal/service/notification/notification.go:72.16,74.3 1 0
github.com/ff3300/aleph-v2/internal/service/notification/notification.go:75.2,75.47 1 0
github.com/ff3300/aleph-v2/internal/service/notification/notification.go:75.47,77.3 1 0
github.com/ff3300/aleph-v2/internal/service/notification/notification.go:78.2,79.16 2 0
github.com/ff3300/aleph-v2/internal/service/notification/notification.go:79.16,81.3 1 0
github.com/ff3300/aleph-v2/internal/service/notification/notification.go:82.2,83.15 2 0
github.com/ff3300/aleph-v2/internal/service/notification/notification.go:83.15,84.96 1 0
github.com/ff3300/aleph-v2/internal/service/notification/notification.go:84.96,86.4 1 0
github.com/ff3300/aleph-v2/internal/service/notification/notification.go:88.2,88.102 1 0
github.com/ff3300/aleph-v2/internal/service/notification/notification.go:88.102,90.3 1 0
github.com/ff3300/aleph-v2/internal/service/notification/notification.go:91.2,91.12 1 0
github.com/ff3300/aleph-v2/internal/sandbox/exec_sandbox.go:38.133,40.2 1 0
github.com/ff3300/aleph-v2/internal/sandbox/exec_sandbox.go:42.126,43.23 1 0
github.com/ff3300/aleph-v2/internal/sandbox/exec_sandbox.go:43.23,45.3 1 0
github.com/ff3300/aleph-v2/internal/sandbox/exec_sandbox.go:47.2,49.16 3 0
github.com/ff3300/aleph-v2/internal/sandbox/exec_sandbox.go:49.16,51.3 1 0
github.com/ff3300/aleph-v2/internal/sandbox/exec_sandbox.go:53.2,57.16 4 0
github.com/ff3300/aleph-v2/internal/sandbox/exec_sandbox.go:57.16,59.3 1 0
github.com/ff3300/aleph-v2/internal/sandbox/exec_sandbox.go:60.2,64.93 3 0
github.com/ff3300/aleph-v2/internal/sandbox/exec_sandbox.go:64.93,66.67 2 0
github.com/ff3300/aleph-v2/internal/sandbox/exec_sandbox.go:66.67,68.4 1 0
github.com/ff3300/aleph-v2/internal/sandbox/exec_sandbox.go:69.3,81.17 9 0
github.com/ff3300/aleph-v2/internal/sandbox/exec_sandbox.go:81.17,82.48 1 0
github.com/ff3300/aleph-v2/internal/sandbox/exec_sandbox.go:82.48,84.5 1 0
github.com/ff3300/aleph-v2/internal/sandbox/exec_sandbox.go:84.10,86.5 1 0
github.com/ff3300/aleph-v2/internal/sandbox/exec_sandbox.go:88.3,88.100 1 0
github.com/ff3300/aleph-v2/internal/sandbox/exec_sandbox.go:91.2,92.66 2 0
github.com/ff3300/aleph-v2/internal/sandbox/exec_sandbox.go:92.66,94.3 1 0
github.com/ff3300/aleph-v2/internal/sandbox/exec_sandbox.go:95.2,100.39 6 0
github.com/ff3300/aleph-v2/internal/sandbox/exec_sandbox.go:100.39,102.3 1 0
github.com/ff3300/aleph-v2/internal/sandbox/exec_sandbox.go:103.2,115.16 9 0
github.com/ff3300/aleph-v2/internal/sandbox/exec_sandbox.go:115.16,116.47 1 0
github.com/ff3300/aleph-v2/internal/sandbox/exec_sandbox.go:116.47,118.4 1 0
github.com/ff3300/aleph-v2/internal/sandbox/exec_sandbox.go:118.9,120.4 1 0
github.com/ff3300/aleph-v2/internal/sandbox/exec_sandbox.go:122.2,122.99 1 0
github.com/ff3300/aleph-v2/internal/sandbox/exec_sandbox.go:125.124,126.23 1 0
github.com/ff3300/aleph-v2/internal/sandbox/exec_sandbox.go:126.23,128.3 1 0
github.com/ff3300/aleph-v2/internal/sandbox/exec_sandbox.go:130.2,132.16 3 0
github.com/ff3300/aleph-v2/internal/sandbox/exec_sandbox.go:132.16,134.3 1 0
github.com/ff3300/aleph-v2/internal/sandbox/exec_sandbox.go:136.2,137.70 2 0
github.com/ff3300/aleph-v2/internal/sandbox/exec_sandbox.go:137.70,139.3 1 0
github.com/ff3300/aleph-v2/internal/sandbox/exec_sandbox.go:141.2,143.30 3 0
github.com/ff3300/aleph-v2/internal/sandbox/exec_sandbox.go:143.30,145.17 2 0
github.com/ff3300/aleph-v2/internal/sandbox/exec_sandbox.go:145.17,147.4 1 0
github.com/ff3300/aleph-v2/internal/sandbox/exec_sandbox.go:148.3,148.27 1 0
github.com/ff3300/aleph-v2/internal/sandbox/exec_sandbox.go:148.27,150.4 1 0
github.com/ff3300/aleph-v2/internal/sandbox/exec_sandbox.go:151.3,152.75 2 0
github.com/ff3300/aleph-v2/internal/sandbox/exec_sandbox.go:152.75,154.4 1 0
github.com/ff3300/aleph-v2/internal/sandbox/exec_sandbox.go:155.3,155.27 1 0
github.com/ff3300/aleph-v2/internal/sandbox/exec_sandbox.go:157.2,157.20 1 0
github.com/ff3300/aleph-v2/internal/service/watcher/watcher.go:20.71,22.2 1 0
github.com/ff3300/aleph-v2/internal/service/watcher/watcher.go:24.52,26.16 2 0
github.com/ff3300/aleph-v2/internal/service/watcher/watcher.go:26.16,26.30 1 0
github.com/ff3300/aleph-v2/internal/service/watcher/watcher.go:27.2,33.12 2 0
github.com/ff3300/aleph-v2/internal/service/watcher/watcher.go:33.12,34.7 1 0
github.com/ff3300/aleph-v2/internal/service/watcher/watcher.go:34.7,35.11 1 0
github.com/ff3300/aleph-v2/internal/service/watcher/watcher.go:36.39,37.12 1 0
github.com/ff3300/aleph-v2/internal/service/watcher/watcher.go:37.12,37.22 1 0
github.com/ff3300/aleph-v2/internal/service/watcher/watcher.go:38.5,38.52 1 0
github.com/ff3300/aleph-v2/internal/service/watcher/watcher.go:38.52,41.6 1 0
github.com/ff3300/aleph-v2/internal/service/watcher/watcher.go:42.37,43.12 1 0
github.com/ff3300/aleph-v2/internal/service/watcher/watcher.go:43.12,43.22 1 0
github.com/ff3300/aleph-v2/internal/service/watcher/watcher.go:44.5,44.39 1 0
github.com/ff3300/aleph-v2/internal/service/watcher/watcher.go:45.22,46.11 1 0
github.com/ff3300/aleph-v2/internal/service/watcher/watcher.go:52.2,53.12 2 0
github.com/ff3300/aleph-v2/internal/registry/duckdb_registry.go:74.85,76.16 2 1
github.com/ff3300/aleph-v2/internal/registry/duckdb_registry.go:76.16,76.35 1 0
github.com/ff3300/aleph-v2/internal/registry/duckdb_registry.go:79.2,79.53 1 1
github.com/ff3300/aleph-v2/internal/registry/duckdb_registry.go:82.88,86.2 1 0
github.com/ff3300/aleph-v2/internal/registry/duckdb_registry.go:88.99,90.2 1 0
github.com/ff3300/aleph-v2/internal/registry/duckdb_registry.go:92.84,93.19 1 1
github.com/ff3300/aleph-v2/internal/registry/duckdb_registry.go:93.19,93.52 1 1
github.com/ff3300/aleph-v2/internal/registry/duckdb_registry.go:94.2,95.37 2 1
github.com/ff3300/aleph-v2/internal/registry/duckdb_registry.go:95.37,95.69 1 1
github.com/ff3300/aleph-v2/internal/registry/duckdb_registry.go:96.2,96.40 1 1
github.com/ff3300/aleph-v2/internal/registry/duckdb_registry.go:96.40,96.75 1 1
github.com/ff3300/aleph-v2/internal/registry/duckdb_registry.go:97.2,103.21 2 1
github.com/ff3300/aleph-v2/internal/registry/duckdb_registry.go:106.82,119.16 3 1
github.com/ff3300/aleph-v2/internal/registry/duckdb_registry.go:119.16,121.3 1 1
github.com/ff3300/aleph-v2/internal/registry/duckdb_registry.go:122.2,122.16 1 0
github.com/ff3300/aleph-v2/internal/registry/duckdb_registry.go:125.80,128.2 2 1
github.com/ff3300/aleph-v2/internal/registry/duckdb_registry.go:130.96,137.16 2 0
github.com/ff3300/aleph-v2/internal/registry/duckdb_registry.go:137.16,137.35 1 0
github.com/ff3300/aleph-v2/internal/registry/duckdb_registry.go:138.2,140.18 3 0
github.com/ff3300/aleph-v2/internal/registry/duckdb_registry.go:140.18,147.99 2 0
github.com/ff3300/aleph-v2/internal/registry/duckdb_registry.go:147.99,148.12 1 0
github.com/ff3300/aleph-v2/internal/registry/duckdb_registry.go:150.3,150.27 1 0
github.com/ff3300/aleph-v2/internal/registry/duckdb_registry.go:152.2,152.19 1 0
github.com/ff3300/aleph-v2/internal/registry/duckdb_registry.go:155.48,156.19 1 0
github.com/ff3300/aleph-v2/internal/registry/duckdb_registry.go:156.19,156.33 1 0
github.com/ff3300/aleph-v2/internal/registry/duckdb_registry.go:157.2,159.12 3 0
github.com/ff3300/aleph-v2/internal/storage/duckdb.go:23.48,24.18 1 1
github.com/ff3300/aleph-v2/internal/storage/duckdb.go:24.18,26.3 1 0
github.com/ff3300/aleph-v2/internal/storage/duckdb.go:27.2,28.16 2 1
github.com/ff3300/aleph-v2/internal/storage/duckdb.go:28.16,30.3 1 0
github.com/ff3300/aleph-v2/internal/storage/duckdb.go:36.2,37.51 2 1
github.com/ff3300/aleph-v2/internal/storage/duckdb.go:37.51,40.3 2 0
github.com/ff3300/aleph-v2/internal/storage/duckdb.go:40.8,40.55 1 1
github.com/ff3300/aleph-v2/internal/storage/duckdb.go:40.55,43.3 2 0
github.com/ff3300/aleph-v2/internal/storage/duckdb.go:46.2,55.8 4 1
github.com/ff3300/aleph-v2/internal/storage/duckdb.go:58.78,62.2 3 1
github.com/ff3300/aleph-v2/internal/storage/duckdb.go:64.106,65.26 1 0
github.com/ff3300/aleph-v2/internal/storage/duckdb.go:65.26,67.3 1 0
github.com/ff3300/aleph-v2/internal/storage/duckdb.go:68.2,72.47 4 0
github.com/ff3300/aleph-v2/internal/storage/duckdb.go:75.78,79.2 3 1
github.com/ff3300/aleph-v2/internal/storage/duckdb.go:81.106,82.26 1 0
github.com/ff3300/aleph-v2/internal/storage/duckdb.go:82.26,84.3 1 0
github.com/ff3300/aleph-v2/internal/storage/duckdb.go:85.2,89.46 4 0
github.com/ff3300/aleph-v2/internal/storage/duckdb.go:92.29,95.2 0 0
github.com/ff3300/aleph-v2/internal/storage/duckdb.go:97.32,99.2 1 1
github.com/ff3300/aleph-v2/internal/storage/duckdb.go:101.71,105.2 3 0
github.com/ff3300/aleph-v2/internal/storage/duckdb.go:107.99,108.26 1 0
github.com/ff3300/aleph-v2/internal/storage/duckdb.go:108.26,110.3 1 0
github.com/ff3300/aleph-v2/internal/storage/duckdb.go:111.2,114.50 4 0
github.com/ff3300/aleph-v2/internal/storage/duckdb.go:117.31,119.2 1 0
github.com/ff3300/aleph-v2/internal/storage/postgres.go:15.49,17.16 2 0
github.com/ff3300/aleph-v2/internal/storage/postgres.go:17.16,19.3 1 0
github.com/ff3300/aleph-v2/internal/storage/postgres.go:22.2,26.34 4 0
github.com/ff3300/aleph-v2/internal/storage/postgres.go:26.34,28.3 1 0
github.com/ff3300/aleph-v2/internal/storage/postgres.go:30.2,30.31 1 0
github.com/ff3300/aleph-v2/internal/storage/postgres.go:33.33,35.2 1 0
github.com/ff3300/aleph-v2/internal/storage/postgres.go:37.34,39.2 1 0
